{"/home/travis/build/npmtest/node-npmtest-cssom/test.js":{"path":"/home/travis/build/npmtest/node-npmtest-cssom/test.js","s":{"1":2,"2":2,"3":2,"4":2,"5":2,"6":2,"7":2,"8":1,"9":2,"10":2,"11":1,"12":1,"13":1,"14":1,"15":2,"16":2,"17":2,"18":2,"19":1,"20":1,"21":2,"22":2,"23":2,"24":1,"25":1,"26":1,"27":1,"28":1,"29":1,"30":1,"31":1,"32":1,"33":1,"34":1,"35":1,"36":1,"37":1,"38":1,"39":2,"40":2,"41":1,"42":2,"43":2,"44":1,"45":2,"46":2,"47":1,"48":2,"49":2,"50":1,"51":1,"52":1,"53":1,"54":1},"b":{"1":[2,1,1,1],"2":[1,1,1,1],"3":[1,1],"4":[1,1],"5":[1,1],"6":[1,1],"7":[1,1],"8":[1,1],"9":[1,1],"10":[1,1,1],"11":[1,1],"12":[1,1],"13":[1,1],"14":[1,1],"15":[1,1],"16":[1,1],"17":[1,1]},"f":{"1":2,"2":2,"3":2,"4":2,"5":2,"6":1,"7":1,"8":1,"9":2,"10":2,"11":2,"12":2,"13":1},"fnMap":{"1":{"name":"(anonymous_1)","line":12,"loc":{"start":{"line":12,"column":1},"end":{"line":12,"column":13}}},"2":{"name":"(anonymous_2)","line":19,"loc":{"start":{"line":19,"column":5},"end":{"line":19,"column":17}}},"3":{"name":"(anonymous_3)","line":23,"loc":{"start":{"line":23,"column":24},"end":{"line":23,"column":36}}},"4":{"name":"(anonymous_4)","line":61,"loc":{"start":{"line":61,"column":5},"end":{"line":61,"column":17}}},"5":{"name":"(anonymous_5)","line":82,"loc":{"start":{"line":82,"column":5},"end":{"line":82,"column":17}}},"6":{"name":"(anonymous_6)","line":91,"loc":{"start":{"line":91,"column":77},"end":{"line":94,"column":10}}},"7":{"name":"(anonymous_7)","line":112,"loc":{"start":{"line":112,"column":83},"end":{"line":115,"column":10}},"skip":true},"8":{"name":"(anonymous_8)","line":123,"loc":{"start":{"line":123,"column":77},"end":{"line":126,"column":10}},"skip":true},"9":{"name":"(anonymous_9)","line":139,"loc":{"start":{"line":139,"column":12},"end":{"line":139,"column":40}},"skip":true},"10":{"name":"(anonymous_10)","line":147,"loc":{"start":{"line":147,"column":77},"end":{"line":150,"column":10}},"skip":true},"11":{"name":"(anonymous_11)","line":158,"loc":{"start":{"line":158,"column":83},"end":{"line":161,"column":10}},"skip":true},"12":{"name":"(anonymous_12)","line":169,"loc":{"start":{"line":169,"column":79},"end":{"line":172,"column":10}},"skip":true},"13":{"name":"(anonymous_13)","line":180,"loc":{"start":{"line":180,"column":75},"end":{"line":183,"column":10}},"skip":true}},"statementMap":{"1":{"start":{"line":12,"column":0},"end":{"line":195,"column":5}},"2":{"start":{"line":14,"column":4},"end":{"line":14,"column":14}},"3":{"start":{"line":19,"column":4},"end":{"line":56,"column":9}},"4":{"start":{"line":21,"column":8},"end":{"line":21,"column":19}},"5":{"start":{"line":23,"column":8},"end":{"line":35,"column":13}},"6":{"start":{"line":24,"column":12},"end":{"line":34,"column":13}},"7":{"start":{"line":25,"column":16},"end":{"line":28,"column":30}},"8":{"start":{"line":30,"column":16},"end":{"line":33,"column":27}},"9":{"start":{"line":37,"column":8},"end":{"line":39,"column":21}},"10":{"start":{"line":40,"column":8},"end":{"line":53,"column":9}},"11":{"start":{"line":43,"column":12},"end":{"line":46,"column":14}},"12":{"start":{"line":47,"column":12},"end":{"line":47,"column":18}},"13":{"start":{"line":50,"column":12},"end":{"line":51,"column":46}},"14":{"start":{"line":52,"column":12},"end":{"line":52,"column":18}},"15":{"start":{"line":55,"column":8},"end":{"line":55,"column":35}},"16":{"start":{"line":61,"column":4},"end":{"line":63,"column":9}},"17":{"start":{"line":62,"column":8},"end":{"line":62,"column":15}},"18":{"start":{"line":64,"column":4},"end":{"line":77,"column":5}},"19":{"start":{"line":70,"column":8},"end":{"line":70,"column":14}},"20":{"start":{"line":76,"column":8},"end":{"line":76,"column":14}},"21":{"start":{"line":82,"column":4},"end":{"line":84,"column":9}},"22":{"start":{"line":83,"column":8},"end":{"line":83,"column":15}},"23":{"start":{"line":85,"column":4},"end":{"line":194,"column":5}},"24":{"start":{"line":91,"column":8},"end":{"line":99,"column":10}},"25":{"start":{"line":98,"column":12},"end":{"line":98,"column":35}},"26":{"start":{"line":102,"column":8},"end":{"line":104,"column":63}},"27":{"start":{"line":105,"column":8},"end":{"line":105,"column":14}},"28":{"start":{"line":112,"column":8},"end":{"line":121,"column":10},"skip":true},"29":{"start":{"line":119,"column":12},"end":{"line":119,"column":55},"skip":true},"30":{"start":{"line":120,"column":12},"end":{"line":120,"column":48},"skip":true},"31":{"start":{"line":123,"column":8},"end":{"line":136,"column":10},"skip":true},"32":{"start":{"line":130,"column":12},"end":{"line":130,"column":76},"skip":true},"33":{"start":{"line":131,"column":12},"end":{"line":131,"column":73},"skip":true},"34":{"start":{"line":132,"column":12},"end":{"line":132,"column":74},"skip":true},"35":{"start":{"line":133,"column":12},"end":{"line":133,"column":79},"skip":true},"36":{"start":{"line":134,"column":12},"end":{"line":134,"column":25},"skip":true},"37":{"start":{"line":135,"column":12},"end":{"line":135,"column":45},"skip":true},"38":{"start":{"line":138,"column":8},"end":{"line":145,"column":14},"skip":true},"39":{"start":{"line":143,"column":16},"end":{"line":143,"column":29},"skip":true},"40":{"start":{"line":144,"column":16},"end":{"line":144,"column":55},"skip":true},"41":{"start":{"line":147,"column":8},"end":{"line":156,"column":10},"skip":true},"42":{"start":{"line":154,"column":12},"end":{"line":154,"column":25},"skip":true},"43":{"start":{"line":155,"column":12},"end":{"line":155,"column":45},"skip":true},"44":{"start":{"line":158,"column":8},"end":{"line":167,"column":10},"skip":true},"45":{"start":{"line":165,"column":12},"end":{"line":165,"column":25},"skip":true},"46":{"start":{"line":166,"column":12},"end":{"line":166,"column":48},"skip":true},"47":{"start":{"line":169,"column":8},"end":{"line":178,"column":10},"skip":true},"48":{"start":{"line":176,"column":12},"end":{"line":176,"column":25},"skip":true},"49":{"start":{"line":177,"column":12},"end":{"line":177,"column":46},"skip":true},"50":{"start":{"line":180,"column":8},"end":{"line":189,"column":10},"skip":true},"51":{"start":{"line":187,"column":12},"end":{"line":187,"column":94},"skip":true},"52":{"start":{"line":188,"column":12},"end":{"line":188,"column":48},"skip":true},"53":{"start":{"line":192,"column":8},"end":{"line":192,"column":35},"skip":true},"54":{"start":{"line":193,"column":8},"end":{"line":193,"column":14},"skip":true}},"branchMap":{"1":{"line":25,"type":"binary-expr","locations":[{"start":{"line":25,"column":23},"end":{"line":25,"column":62}},{"start":{"line":26,"column":20},"end":{"line":26,"column":70}},{"start":{"line":27,"column":20},"end":{"line":27,"column":71}},{"start":{"line":28,"column":20},"end":{"line":28,"column":29}}]},"2":{"line":30,"type":"binary-expr","locations":[{"start":{"line":30,"column":23},"end":{"line":30,"column":37}},{"start":{"line":31,"column":20},"end":{"line":31,"column":61}},{"start":{"line":32,"column":20},"end":{"line":32,"column":70}},{"start":{"line":33,"column":20},"end":{"line":33,"column":26}}]},"3":{"line":37,"type":"cond-expr","locations":[{"start":{"line":38,"column":14},"end":{"line":38,"column":20}},{"start":{"line":39,"column":14},"end":{"line":39,"column":20}}]},"4":{"line":40,"type":"switch","locations":[{"start":{"line":42,"column":8},"end":{"line":47,"column":18}},{"start":{"line":49,"column":8},"end":{"line":52,"column":18}}]},"5":{"line":44,"type":"binary-expr","locations":[{"start":{"line":44,"column":16},"end":{"line":44,"column":44}},{"start":{"line":44,"column":48},"end":{"line":44,"column":66}}]},"6":{"line":50,"type":"binary-expr","locations":[{"start":{"line":50,"column":21},"end":{"line":50,"column":49}},{"start":{"line":50,"column":53},"end":{"line":50,"column":72}}]},"7":{"line":64,"type":"switch","locations":[{"start":{"line":69,"column":4},"end":{"line":70,"column":14}},{"start":{"line":75,"column":4},"end":{"line":76,"column":14}}]},"8":{"line":85,"type":"switch","locations":[{"start":{"line":90,"column":4},"end":{"line":105,"column":14}},{"start":{"line":111,"column":4},"end":{"line":193,"column":14},"skip":true}]},"9":{"line":91,"type":"binary-expr","locations":[{"start":{"line":91,"column":42},"end":{"line":91,"column":73}},{"start":{"line":91,"column":77},"end":{"line":99,"column":9}}]},"10":{"line":102,"type":"binary-expr","locations":[{"start":{"line":102,"column":18},"end":{"line":102,"column":32}},{"start":{"line":103,"column":12},"end":{"line":103,"column":53}},{"start":{"line":104,"column":12},"end":{"line":104,"column":61}}]},"11":{"line":112,"type":"binary-expr","locations":[{"start":{"line":112,"column":45},"end":{"line":112,"column":79},"skip":true},{"start":{"line":112,"column":83},"end":{"line":121,"column":9},"skip":true}]},"12":{"line":123,"type":"binary-expr","locations":[{"start":{"line":123,"column":42},"end":{"line":123,"column":73},"skip":true},{"start":{"line":123,"column":77},"end":{"line":136,"column":9},"skip":true}]},"13":{"line":138,"type":"binary-expr","locations":[{"start":{"line":138,"column":48},"end":{"line":138,"column":85},"skip":true},{"start":{"line":139,"column":12},"end":{"line":145,"column":13},"skip":true}]},"14":{"line":147,"type":"binary-expr","locations":[{"start":{"line":147,"column":42},"end":{"line":147,"column":73},"skip":true},{"start":{"line":147,"column":77},"end":{"line":156,"column":9},"skip":true}]},"15":{"line":158,"type":"binary-expr","locations":[{"start":{"line":158,"column":45},"end":{"line":158,"column":79},"skip":true},{"start":{"line":158,"column":83},"end":{"line":167,"column":9},"skip":true}]},"16":{"line":169,"type":"binary-expr","locations":[{"start":{"line":169,"column":43},"end":{"line":169,"column":75},"skip":true},{"start":{"line":169,"column":79},"end":{"line":178,"column":9},"skip":true}]},"17":{"line":180,"type":"binary-expr","locations":[{"start":{"line":180,"column":41},"end":{"line":180,"column":71},"skip":true},{"start":{"line":180,"column":75},"end":{"line":189,"column":9},"skip":true}]}},"code":["/* istanbul instrument in package npmtest_cssom */","/*jslint","    bitwise: true,","    browser: true,","    maxerr: 8,","    maxlen: 96,","    node: true,","    nomen: true,","    regexp: true,","    stupid: true","*/","(function () {","    'use strict';","    var local;","","","","    // run shared js-env code - pre-init","    (function () {","        // init local","        local = {};","        // init modeJs","        local.modeJs = (function () {","            try {","                return typeof navigator.userAgent === 'string' &&","                    typeof document.querySelector('body') === 'object' &&","                    typeof XMLHttpRequest.prototype.open === 'function' &&","                    'browser';","            } catch (errorCaughtBrowser) {","                return module.exports &&","                    typeof process.versions.node === 'string' &&","                    typeof require('http').createServer === 'function' &&","                    'node';","            }","        }());","        // init global","        local.global = local.modeJs === 'browser'","            ? window","            : global;","        switch (local.modeJs) {","        // re-init local from window.local","        case 'browser':","            local = local.global.utility2.objectSetDefault(","                local.global.utility2_rollup || local.global.local,","                local.global.utility2","            );","            break;","        // re-init local from example.js","        case 'node':","            local = (local.global.utility2_rollup || require('utility2'))","                .requireExampleJsFromReadme();","            break;","        }","        // export local","        local.global.local = local;","    }());","","","","    // run shared js-env code - function","    (function () {","        return;","    }());","    switch (local.modeJs) {","","","","    // run browser js-env code - function","    case 'browser':","        break;","","","","    // run node js-env code - function","    case 'node':","        break;","    }","","","","    // run shared js-env code - post-init","    (function () {","        return;","    }());","    switch (local.modeJs) {","","","","    // run browser js-env code - post-init","    case 'browser':","        local.testCase_browser_nullCase = local.testCase_browser_nullCase || function (","            options,","            onError","        ) {","        /*","         * this function will test browsers's null-case handling-behavior-behavior","         */","            onError(null, options);","        };","","        // run tests","        local.nop(local.modeTest &&","            document.querySelector('#testRunButton1') &&","            document.querySelector('#testRunButton1').click());","        break;","","","","    // run node js-env code - post-init","    /* istanbul ignore next */","    case 'node':","        local.testCase_buildApidoc_default = local.testCase_buildApidoc_default || function (","            options,","            onError","        ) {","        /*","         * this function will test buildApidoc's default handling-behavior-behavior","         */","            options = { modulePathList: module.paths };","            local.buildApidoc(options, onError);","        };","","        local.testCase_buildApp_default = local.testCase_buildApp_default || function (","            options,","            onError","        ) {","        /*","         * this function will test buildApp's default handling-behavior-behavior","         */","            local.testCase_buildReadme_default(options, local.onErrorThrow);","            local.testCase_buildLib_default(options, local.onErrorThrow);","            local.testCase_buildTest_default(options, local.onErrorThrow);","            local.testCase_buildCustomOrg_default(options, local.onErrorThrow);","            options = [];","            local.buildApp(options, onError);","        };","","        local.testCase_buildCustomOrg_default = local.testCase_buildCustomOrg_default ||","            function (options, onError) {","            /*","             * this function will test buildCustomOrg's default handling-behavior","             */","                options = {};","                local.buildCustomOrg(options, onError);","            };","","        local.testCase_buildLib_default = local.testCase_buildLib_default || function (","            options,","            onError","        ) {","        /*","         * this function will test buildLib's default handling-behavior","         */","            options = {};","            local.buildLib(options, onError);","        };","","        local.testCase_buildReadme_default = local.testCase_buildReadme_default || function (","            options,","            onError","        ) {","        /*","         * this function will test buildReadme's default handling-behavior-behavior","         */","            options = {};","            local.buildReadme(options, onError);","        };","","        local.testCase_buildTest_default = local.testCase_buildTest_default || function (","            options,","            onError","        ) {","        /*","         * this function will test buildTest's default handling-behavior","         */","            options = {};","            local.buildTest(options, onError);","        };","","        local.testCase_webpage_default = local.testCase_webpage_default || function (","            options,","            onError","        ) {","        /*","         * this function will test webpage's default handling-behavior","         */","            options = { modeCoverageMerge: true, url: local.serverLocalHost + '?modeTest=1' };","            local.browserTest(options, onError);","        };","","        // run test-server","        local.testRunServer(local);","        break;","    }","}());",""],"l":{"12":2,"14":2,"19":2,"21":2,"23":2,"24":2,"25":2,"30":1,"37":2,"40":2,"43":1,"47":1,"50":1,"52":1,"55":2,"61":2,"62":2,"64":2,"70":1,"76":1,"82":2,"83":2,"85":2,"91":1,"98":1,"102":1,"105":1,"112":1,"119":1,"120":1,"123":1,"130":1,"131":1,"132":1,"133":1,"134":1,"135":1,"138":1,"143":2,"144":2,"147":1,"154":2,"155":2,"158":1,"165":2,"166":2,"169":1,"176":2,"177":2,"180":1,"187":1,"188":1,"192":1,"193":1}},"/home/travis/build/npmtest/node-npmtest-cssom/lib.npmtest_cssom.js":{"path":"/home/travis/build/npmtest/node-npmtest-cssom/lib.npmtest_cssom.js","s":{"1":2,"2":2,"3":2,"4":2,"5":2,"6":2,"7":2,"8":1,"9":2,"10":2,"11":2,"12":2,"13":1,"14":1,"15":1,"16":1},"b":{"1":[2,1,1,1],"2":[1,1,1,1],"3":[1,1],"4":[2,2],"5":[1,1]},"f":{"1":2,"2":2,"3":2},"fnMap":{"1":{"name":"(anonymous_1)","line":12,"loc":{"start":{"line":12,"column":1},"end":{"line":12,"column":13}}},"2":{"name":"(anonymous_2)","line":19,"loc":{"start":{"line":19,"column":5},"end":{"line":19,"column":17}}},"3":{"name":"(anonymous_3)","line":23,"loc":{"start":{"line":23,"column":24},"end":{"line":23,"column":36}}}},"statementMap":{"1":{"start":{"line":12,"column":0},"end":{"line":53,"column":5}},"2":{"start":{"line":14,"column":4},"end":{"line":14,"column":14}},"3":{"start":{"line":19,"column":4},"end":{"line":52,"column":9}},"4":{"start":{"line":21,"column":8},"end":{"line":21,"column":19}},"5":{"start":{"line":23,"column":8},"end":{"line":35,"column":13}},"6":{"start":{"line":24,"column":12},"end":{"line":34,"column":13}},"7":{"start":{"line":25,"column":16},"end":{"line":28,"column":30}},"8":{"start":{"line":30,"column":16},"end":{"line":33,"column":27}},"9":{"start":{"line":37,"column":8},"end":{"line":39,"column":21}},"10":{"start":{"line":41,"column":8},"end":{"line":41,"column":54}},"11":{"start":{"line":43,"column":8},"end":{"line":43,"column":50}},"12":{"start":{"line":45,"column":8},"end":{"line":51,"column":9}},"13":{"start":{"line":46,"column":12},"end":{"line":46,"column":56}},"14":{"start":{"line":48,"column":12},"end":{"line":48,"column":35}},"15":{"start":{"line":49,"column":12},"end":{"line":49,"column":49}},"16":{"start":{"line":50,"column":12},"end":{"line":50,"column":43}}},"branchMap":{"1":{"line":25,"type":"binary-expr","locations":[{"start":{"line":25,"column":23},"end":{"line":25,"column":62}},{"start":{"line":26,"column":20},"end":{"line":26,"column":70}},{"start":{"line":27,"column":20},"end":{"line":27,"column":71}},{"start":{"line":28,"column":20},"end":{"line":28,"column":29}}]},"2":{"line":30,"type":"binary-expr","locations":[{"start":{"line":30,"column":23},"end":{"line":30,"column":37}},{"start":{"line":31,"column":20},"end":{"line":31,"column":61}},{"start":{"line":32,"column":20},"end":{"line":32,"column":70}},{"start":{"line":33,"column":20},"end":{"line":33,"column":26}}]},"3":{"line":37,"type":"cond-expr","locations":[{"start":{"line":38,"column":14},"end":{"line":38,"column":20}},{"start":{"line":39,"column":14},"end":{"line":39,"column":20}}]},"4":{"line":41,"type":"binary-expr","locations":[{"start":{"line":41,"column":16},"end":{"line":41,"column":44}},{"start":{"line":41,"column":48},"end":{"line":41,"column":53}}]},"5":{"line":45,"type":"if","locations":[{"start":{"line":45,"column":8},"end":{"line":45,"column":8}},{"start":{"line":45,"column":8},"end":{"line":45,"column":8}}]}},"code":["/* istanbul instrument in package npmtest_cssom */","/*jslint","    bitwise: true,","    browser: true,","    maxerr: 8,","    maxlen: 96,","    node: true,","    nomen: true,","    regexp: true,","    stupid: true","*/","(function () {","    'use strict';","    var local;","","","","    // run shared js-env code - pre-init","    (function () {","        // init local","        local = {};","        // init modeJs","        local.modeJs = (function () {","            try {","                return typeof navigator.userAgent === 'string' &&","                    typeof document.querySelector('body') === 'object' &&","                    typeof XMLHttpRequest.prototype.open === 'function' &&","                    'browser';","            } catch (errorCaughtBrowser) {","                return module.exports &&","                    typeof process.versions.node === 'string' &&","                    typeof require('http').createServer === 'function' &&","                    'node';","            }","        }());","        // init global","        local.global = local.modeJs === 'browser'","            ? window","            : global;","        // init utility2_rollup","        local = local.global.utility2_rollup || local;","        // init lib","        local.local = local.npmtest_cssom = local;","        // init exports","        if (local.modeJs === 'browser') {","            local.global.utility2_npmtest_cssom = local;","        } else {","            module.exports = local;","            module.exports.__dirname = __dirname;","            module.exports.module = module;","        }","    }());","}());",""],"l":{"12":2,"14":2,"19":2,"21":2,"23":2,"24":2,"25":2,"30":1,"37":2,"41":2,"43":2,"45":2,"46":1,"48":1,"49":1,"50":1}},"/home/travis/build/npmtest/node-npmtest-cssom/example.js":{"path":"/home/travis/build/npmtest/node-npmtest-cssom/example.js","s":{"1":2,"2":2,"3":2,"4":2,"5":2,"6":2,"7":2,"8":1,"9":2,"10":2,"11":2,"12":2,"13":1,"14":2,"15":2,"16":2,"17":2,"18":2,"19":0,"20":2,"21":1,"22":1,"23":1,"24":1,"25":1,"26":0,"27":0,"28":1,"29":1,"30":2,"31":0,"32":0,"33":0,"34":1,"35":2,"36":2,"37":3,"38":3,"39":3,"40":3,"41":0,"42":3,"43":3,"44":3,"45":1,"46":3,"47":1,"48":1,"49":1,"50":1,"51":1,"52":1,"53":1,"54":1,"55":1,"56":1,"57":0,"58":1,"59":6,"60":6,"61":1,"62":2,"63":0,"64":2,"65":1,"66":1,"67":0,"68":0,"69":0,"70":0,"71":0,"72":0,"73":0,"74":0,"75":0,"76":0,"77":0,"78":0,"79":0,"80":0,"81":0,"82":0,"83":0},"b":{"1":[2,1,1,1],"2":[1,1,1,1],"3":[1,1],"4":[2,2],"5":[1,1],"6":[1,1],"7":[2,0],"8":[2,1,1,1,1,1],"9":[0,2,0],"10":[1,1],"11":[2,1,1],"12":[1,0],"13":[0,2],"14":[2,0,0,0,0,0,0],"15":[0,3],"16":[3,0],"17":[1,1],"18":[0,1],"19":[1,2,0,2],"20":[1,0],"21":[1,1],"22":[0,0],"23":[0,0],"24":[0,0],"25":[0,0],"26":[0,0],"27":[0,0],"28":[0,0]},"f":{"1":2,"2":2,"3":2,"4":2,"5":2,"6":2,"7":3,"8":3,"9":3,"10":1,"11":6,"12":0},"fnMap":{"1":{"name":"(anonymous_1)","line":26,"loc":{"start":{"line":26,"column":1},"end":{"line":26,"column":13}}},"2":{"name":"(anonymous_2)","line":33,"loc":{"start":{"line":33,"column":5},"end":{"line":33,"column":17}}},"3":{"name":"(anonymous_3)","line":37,"loc":{"start":{"line":37,"column":24},"end":{"line":37,"column":36}}},"4":{"name":"(anonymous_4)","line":69,"loc":{"start":{"line":69,"column":31},"end":{"line":69,"column":48}},"skip":true},"5":{"name":"(anonymous_5)","line":78,"loc":{"start":{"line":78,"column":26},"end":{"line":78,"column":45}},"skip":true},"6":{"name":"(anonymous_6)","line":123,"loc":{"start":{"line":123,"column":33},"end":{"line":123,"column":48}},"skip":true},"7":{"name":"(anonymous_7)","line":125,"loc":{"start":{"line":125,"column":27},"end":{"line":125,"column":39}},"skip":true},"8":{"name":"(anonymous_8)","line":133,"loc":{"start":{"line":133,"column":59},"end":{"line":133,"column":74}},"skip":true},"9":{"name":"(anonymous_9)","line":143,"loc":{"start":{"line":143,"column":45},"end":{"line":143,"column":62}},"skip":true},"10":{"name":"(anonymous_10)","line":144,"loc":{"start":{"line":144,"column":73},"end":{"line":144,"column":92}},"skip":true},"11":{"name":"(anonymous_11)","line":272,"loc":{"start":{"line":272,"column":51},"end":{"line":272,"column":77}},"skip":true},"12":{"name":"(anonymous_12)","line":315,"loc":{"start":{"line":315,"column":32},"end":{"line":315,"column":61}},"skip":true}},"statementMap":{"1":{"start":{"line":26,"column":0},"end":{"line":326,"column":5}},"2":{"start":{"line":28,"column":4},"end":{"line":28,"column":14}},"3":{"start":{"line":33,"column":4},"end":{"line":60,"column":9}},"4":{"start":{"line":35,"column":8},"end":{"line":35,"column":19}},"5":{"start":{"line":37,"column":8},"end":{"line":49,"column":13}},"6":{"start":{"line":38,"column":12},"end":{"line":48,"column":13}},"7":{"start":{"line":39,"column":16},"end":{"line":42,"column":30}},"8":{"start":{"line":44,"column":16},"end":{"line":47,"column":27}},"9":{"start":{"line":51,"column":8},"end":{"line":53,"column":21}},"10":{"start":{"line":55,"column":8},"end":{"line":57,"column":45}},"11":{"start":{"line":59,"column":8},"end":{"line":59,"column":35}},"12":{"start":{"line":61,"column":4},"end":{"line":325,"column":5}},"13":{"start":{"line":69,"column":8},"end":{"line":121,"column":10},"skip":true},"14":{"start":{"line":70,"column":12},"end":{"line":88,"column":13},"skip":true},"15":{"start":{"line":76,"column":16},"end":{"line":87,"column":19},"skip":true},"16":{"start":{"line":79,"column":20},"end":{"line":86,"column":21},"skip":true},"17":{"start":{"line":82,"column":24},"end":{"line":82,"column":43},"skip":true},"18":{"start":{"line":83,"column":24},"end":{"line":83,"column":30},"skip":true},"19":{"start":{"line":85,"column":24},"end":{"line":85,"column":49},"skip":true},"20":{"start":{"line":89,"column":12},"end":{"line":107,"column":13},"skip":true},"21":{"start":{"line":92,"column":16},"end":{"line":102,"column":17},"skip":true},"22":{"start":{"line":93,"column":20},"end":{"line":93,"column":86},"skip":true},"23":{"start":{"line":94,"column":20},"end":{"line":95,"column":45},"skip":true},"24":{"start":{"line":96,"column":20},"end":{"line":96,"column":42},"skip":true},"25":{"start":{"line":97,"column":20},"end":{"line":97,"column":48},"skip":true},"26":{"start":{"line":100,"column":20},"end":{"line":100,"column":85},"skip":true},"27":{"start":{"line":101,"column":20},"end":{"line":101,"column":96},"skip":true},"28":{"start":{"line":103,"column":16},"end":{"line":103,"column":22},"skip":true},"29":{"start":{"line":106,"column":16},"end":{"line":106,"column":22},"skip":true},"30":{"start":{"line":108,"column":12},"end":{"line":120,"column":13},"skip":true},"31":{"start":{"line":114,"column":16},"end":{"line":119,"column":17},"skip":true},"32":{"start":{"line":116,"column":20},"end":{"line":116,"column":78},"skip":true},"33":{"start":{"line":118,"column":20},"end":{"line":118,"column":47},"skip":true},"34":{"start":{"line":123,"column":8},"end":{"line":141,"column":11},"skip":true},"35":{"start":{"line":124,"column":12},"end":{"line":124,"column":54},"skip":true},"36":{"start":{"line":125,"column":12},"end":{"line":140,"column":14},"skip":true},"37":{"start":{"line":126,"column":16},"end":{"line":126,"column":28},"skip":true},"38":{"start":{"line":127,"column":16},"end":{"line":127,"column":69},"skip":true},"39":{"start":{"line":128,"column":16},"end":{"line":128,"column":75},"skip":true},"40":{"start":{"line":129,"column":16},"end":{"line":131,"column":17},"skip":true},"41":{"start":{"line":130,"column":20},"end":{"line":130,"column":27},"skip":true},"42":{"start":{"line":133,"column":16},"end":{"line":137,"column":36},"skip":true},"43":{"start":{"line":134,"column":20},"end":{"line":136,"column":55},"skip":true},"44":{"start":{"line":139,"column":16},"end":{"line":139,"column":57},"skip":true},"45":{"start":{"line":143,"column":8},"end":{"line":147,"column":11},"skip":true},"46":{"start":{"line":144,"column":12},"end":{"line":146,"column":15},"skip":true},"47":{"start":{"line":145,"column":16},"end":{"line":145,"column":70},"skip":true},"48":{"start":{"line":149,"column":8},"end":{"line":149,"column":31},"skip":true},"49":{"start":{"line":150,"column":8},"end":{"line":150,"column":14},"skip":true},"50":{"start":{"line":158,"column":8},"end":{"line":158,"column":31},"skip":true},"51":{"start":{"line":160,"column":8},"end":{"line":160,"column":33},"skip":true},"52":{"start":{"line":161,"column":8},"end":{"line":161,"column":37},"skip":true},"53":{"start":{"line":162,"column":8},"end":{"line":162,"column":35},"skip":true},"54":{"start":{"line":164,"column":8},"end":{"line":164,"column":50},"skip":true},"55":{"start":{"line":166,"column":8},"end":{"line":256,"column":2},"skip":true},"56":{"start":{"line":258,"column":8},"end":{"line":286,"column":9},"skip":true},"57":{"start":{"line":259,"column":12},"end":{"line":269,"column":14},"skip":true},"58":{"start":{"line":271,"column":12},"end":{"line":285,"column":19},"skip":true},"59":{"start":{"line":274,"column":20},"end":{"line":274,"column":35},"skip":true},"60":{"start":{"line":275,"column":20},"end":{"line":284,"column":21},"skip":true},"61":{"start":{"line":277,"column":24},"end":{"line":277,"column":64},"skip":true},"62":{"start":{"line":279,"column":24},"end":{"line":279,"column":40},"skip":true},"63":{"start":{"line":281,"column":24},"end":{"line":281,"column":40},"skip":true},"64":{"start":{"line":283,"column":24},"end":{"line":283,"column":39},"skip":true},"65":{"start":{"line":288,"column":8},"end":{"line":290,"column":9},"skip":true},"66":{"start":{"line":289,"column":12},"end":{"line":289,"column":18},"skip":true},"67":{"start":{"line":291,"column":8},"end":{"line":293,"column":54},"skip":true},"68":{"start":{"line":296,"column":8},"end":{"line":301,"column":37},"skip":true},"69":{"start":{"line":303,"column":8},"end":{"line":303,"column":82},"skip":true},"70":{"start":{"line":306,"column":8},"end":{"line":308,"column":9},"skip":true},"71":{"start":{"line":307,"column":12},"end":{"line":307,"column":82},"skip":true},"72":{"start":{"line":310,"column":8},"end":{"line":312,"column":9},"skip":true},"73":{"start":{"line":311,"column":12},"end":{"line":311,"column":18},"skip":true},"74":{"start":{"line":313,"column":8},"end":{"line":313,"column":54},"skip":true},"75":{"start":{"line":314,"column":8},"end":{"line":314,"column":69},"skip":true},"76":{"start":{"line":315,"column":8},"end":{"line":323,"column":36},"skip":true},"77":{"start":{"line":316,"column":12},"end":{"line":316,"column":61},"skip":true},"78":{"start":{"line":317,"column":12},"end":{"line":320,"column":13},"skip":true},"79":{"start":{"line":318,"column":16},"end":{"line":318,"column":75},"skip":true},"80":{"start":{"line":319,"column":16},"end":{"line":319,"column":23},"skip":true},"81":{"start":{"line":321,"column":12},"end":{"line":321,"column":38},"skip":true},"82":{"start":{"line":322,"column":12},"end":{"line":322,"column":27},"skip":true},"83":{"start":{"line":324,"column":8},"end":{"line":324,"column":14},"skip":true}},"branchMap":{"1":{"line":39,"type":"binary-expr","locations":[{"start":{"line":39,"column":23},"end":{"line":39,"column":62}},{"start":{"line":40,"column":20},"end":{"line":40,"column":70}},{"start":{"line":41,"column":20},"end":{"line":41,"column":71}},{"start":{"line":42,"column":20},"end":{"line":42,"column":29}}]},"2":{"line":44,"type":"binary-expr","locations":[{"start":{"line":44,"column":23},"end":{"line":44,"column":37}},{"start":{"line":45,"column":20},"end":{"line":45,"column":61}},{"start":{"line":46,"column":20},"end":{"line":46,"column":70}},{"start":{"line":47,"column":20},"end":{"line":47,"column":26}}]},"3":{"line":51,"type":"cond-expr","locations":[{"start":{"line":52,"column":14},"end":{"line":52,"column":20}},{"start":{"line":53,"column":14},"end":{"line":53,"column":20}}]},"4":{"line":55,"type":"binary-expr","locations":[{"start":{"line":55,"column":16},"end":{"line":55,"column":44}},{"start":{"line":55,"column":49},"end":{"line":57,"column":43}}]},"5":{"line":55,"type":"cond-expr","locations":[{"start":{"line":56,"column":14},"end":{"line":56,"column":49}},{"start":{"line":57,"column":14},"end":{"line":57,"column":43}}]},"6":{"line":61,"type":"switch","locations":[{"start":{"line":68,"column":4},"end":{"line":150,"column":14},"skip":true},{"start":{"line":156,"column":4},"end":{"line":324,"column":14},"skip":true}]},"7":{"line":70,"type":"if","locations":[{"start":{"line":70,"column":12},"end":{"line":70,"column":12},"skip":true},{"start":{"line":70,"column":12},"end":{"line":70,"column":12},"skip":true}]},"8":{"line":70,"type":"binary-expr","locations":[{"start":{"line":70,"column":16},"end":{"line":70,"column":22},"skip":true},{"start":{"line":70,"column":27},"end":{"line":70,"column":32},"skip":true},{"start":{"line":71,"column":20},"end":{"line":71,"column":39},"skip":true},{"start":{"line":72,"column":20},"end":{"line":72,"column":49},"skip":true},{"start":{"line":73,"column":20},"end":{"line":73,"column":58},"skip":true},{"start":{"line":74,"column":20},"end":{"line":74,"column":69},"skip":true}]},"9":{"line":79,"type":"switch","locations":[{"start":{"line":80,"column":20},"end":{"line":80,"column":33},"skip":true},{"start":{"line":81,"column":20},"end":{"line":83,"column":30},"skip":true},{"start":{"line":84,"column":20},"end":{"line":85,"column":49},"skip":true}]},"10":{"line":89,"type":"switch","locations":[{"start":{"line":90,"column":12},"end":{"line":103,"column":22},"skip":true},{"start":{"line":105,"column":12},"end":{"line":106,"column":22},"skip":true}]},"11":{"line":89,"type":"binary-expr","locations":[{"start":{"line":89,"column":20},"end":{"line":89,"column":25},"skip":true},{"start":{"line":89,"column":29},"end":{"line":89,"column":48},"skip":true},{"start":{"line":89,"column":52},"end":{"line":89,"column":74},"skip":true}]},"12":{"line":92,"type":"if","locations":[{"start":{"line":92,"column":16},"end":{"line":92,"column":16},"skip":true},{"start":{"line":92,"column":16},"end":{"line":92,"column":16},"skip":true}]},"13":{"line":108,"type":"if","locations":[{"start":{"line":108,"column":12},"end":{"line":108,"column":12},"skip":true},{"start":{"line":108,"column":12},"end":{"line":108,"column":12},"skip":true}]},"14":{"line":108,"type":"binary-expr","locations":[{"start":{"line":108,"column":16},"end":{"line":108,"column":61},"skip":true},{"start":{"line":108,"column":66},"end":{"line":108,"column":72},"skip":true},{"start":{"line":108,"column":77},"end":{"line":108,"column":82},"skip":true},{"start":{"line":109,"column":20},"end":{"line":109,"column":39},"skip":true},{"start":{"line":110,"column":20},"end":{"line":110,"column":49},"skip":true},{"start":{"line":111,"column":20},"end":{"line":111,"column":58},"skip":true},{"start":{"line":112,"column":20},"end":{"line":112,"column":68},"skip":true}]},"15":{"line":129,"type":"if","locations":[{"start":{"line":129,"column":16},"end":{"line":129,"column":16},"skip":true},{"start":{"line":129,"column":16},"end":{"line":129,"column":16},"skip":true}]},"16":{"line":134,"type":"cond-expr","locations":[{"start":{"line":135,"column":26},"end":{"line":135,"column":29},"skip":true},{"start":{"line":136,"column":26},"end":{"line":136,"column":54},"skip":true}]},"17":{"line":164,"type":"binary-expr","locations":[{"start":{"line":164,"column":27},"end":{"line":164,"column":43},"skip":true},{"start":{"line":164,"column":47},"end":{"line":164,"column":49},"skip":true}]},"18":{"line":258,"type":"if","locations":[{"start":{"line":258,"column":8},"end":{"line":258,"column":8},"skip":true},{"start":{"line":258,"column":8},"end":{"line":258,"column":8},"skip":true}]},"19":{"line":275,"type":"switch","locations":[{"start":{"line":276,"column":20},"end":{"line":277,"column":64},"skip":true},{"start":{"line":278,"column":20},"end":{"line":279,"column":40},"skip":true},{"start":{"line":280,"column":20},"end":{"line":281,"column":40},"skip":true},{"start":{"line":282,"column":20},"end":{"line":283,"column":39},"skip":true}]},"20":{"line":288,"type":"if","locations":[{"start":{"line":288,"column":8},"end":{"line":288,"column":8},"skip":true},{"start":{"line":288,"column":8},"end":{"line":288,"column":8},"skip":true}]},"21":{"line":288,"type":"binary-expr","locations":[{"start":{"line":288,"column":12},"end":{"line":288,"column":40},"skip":true},{"start":{"line":288,"column":44},"end":{"line":288,"column":67},"skip":true}]},"22":{"line":292,"type":"binary-expr","locations":[{"start":{"line":292,"column":12},"end":{"line":292,"column":50},"skip":true},{"start":{"line":293,"column":12},"end":{"line":293,"column":53},"skip":true}]},"23":{"line":297,"type":"binary-expr","locations":[{"start":{"line":297,"column":12},"end":{"line":297,"column":63},"skip":true},{"start":{"line":298,"column":12},"end":{"line":301,"column":36},"skip":true}]},"24":{"line":303,"type":"binary-expr","locations":[{"start":{"line":303,"column":43},"end":{"line":303,"column":75},"skip":true},{"start":{"line":303,"column":79},"end":{"line":303,"column":81},"skip":true}]},"25":{"line":306,"type":"if","locations":[{"start":{"line":306,"column":8},"end":{"line":306,"column":8},"skip":true},{"start":{"line":306,"column":8},"end":{"line":306,"column":8},"skip":true}]},"26":{"line":310,"type":"if","locations":[{"start":{"line":310,"column":8},"end":{"line":310,"column":8},"skip":true},{"start":{"line":310,"column":8},"end":{"line":310,"column":8},"skip":true}]},"27":{"line":313,"type":"binary-expr","locations":[{"start":{"line":313,"column":27},"end":{"line":313,"column":43},"skip":true},{"start":{"line":313,"column":47},"end":{"line":313,"column":53},"skip":true}]},"28":{"line":317,"type":"if","locations":[{"start":{"line":317,"column":12},"end":{"line":317,"column":12},"skip":true},{"start":{"line":317,"column":12},"end":{"line":317,"column":12},"skip":true}]}},"code":["/*","example.js","","quickstart example","","instruction","    1. save this script as example.js","    2. run the shell command:","        $ npm install npmtest-cssom && PORT=8081 node example.js","    3. play with the browser-demo on http://127.0.0.1:8081","*/","","","","/* istanbul instrument in package npmtest_cssom */","/*jslint","    bitwise: true,","    browser: true,","    maxerr: 8,","    maxlen: 96,","    node: true,","    nomen: true,","    regexp: true,","    stupid: true","*/","(function () {","    'use strict';","    var local;","","","","    // run shared js-env code - pre-init","    (function () {","        // init local","        local = {};","        // init modeJs","        local.modeJs = (function () {","            try {","                return typeof navigator.userAgent === 'string' &&","                    typeof document.querySelector('body') === 'object' &&","                    typeof XMLHttpRequest.prototype.open === 'function' &&","                    'browser';","            } catch (errorCaughtBrowser) {","                return module.exports &&","                    typeof process.versions.node === 'string' &&","                    typeof require('http').createServer === 'function' &&","                    'node';","            }","        }());","        // init global","        local.global = local.modeJs === 'browser'","            ? window","            : global;","        // init utility2_rollup","        local = local.global.utility2_rollup || (local.modeJs === 'browser'","            ? local.global.utility2_npmtest_cssom","            : global.utility2_moduleExports);","        // export local","        local.global.local = local;","    }());","    switch (local.modeJs) {","","","","    // post-init","    // run browser js-env code - post-init","    /* istanbul ignore next */","    case 'browser':","        local.testRunBrowser = function (event) {","            if (!event || (event &&","                    event.currentTarget &&","                    event.currentTarget.className &&","                    event.currentTarget.className.includes &&","                    event.currentTarget.className.includes('onreset'))) {","                // reset output","                Array.from(","                    document.querySelectorAll('body > .resettable')","                ).forEach(function (element) {","                    switch (element.tagName) {","                    case 'INPUT':","                    case 'TEXTAREA':","                        element.value = '';","                        break;","                    default:","                        element.textContent = '';","                    }","                });","            }","            switch (event && event.currentTarget && event.currentTarget.id) {","            case 'testRunButton1':","                // show tests","                if (document.querySelector('#testReportDiv1').style.display === 'none') {","                    document.querySelector('#testReportDiv1').style.display = 'block';","                    document.querySelector('#testRunButton1').textContent =","                        'hide internal test';","                    local.modeTest = true;","                    local.testRunDefault(local);","                // hide tests","                } else {","                    document.querySelector('#testReportDiv1').style.display = 'none';","                    document.querySelector('#testRunButton1').textContent = 'run internal test';","                }","                break;","            // custom-case","            default:","                break;","            }","            if (document.querySelector('#inputTextareaEval1') && (!event || (event &&","                    event.currentTarget &&","                    event.currentTarget.className &&","                    event.currentTarget.className.includes &&","                    event.currentTarget.className.includes('oneval')))) {","                // try to eval input-code","                try {","                    /*jslint evil: true*/","                    eval(document.querySelector('#inputTextareaEval1').value);","                } catch (errorCaught) {","                    console.error(errorCaught);","                }","            }","        };","        // log stderr and stdout to #outputTextareaStdout1","        ['error', 'log'].forEach(function (key) {","            console[key + '_original'] = console[key];","            console[key] = function () {","                var element;","                console[key + '_original'].apply(console, arguments);","                element = document.querySelector('#outputTextareaStdout1');","                if (!element) {","                    return;","                }","                // append text to #outputTextareaStdout1","                element.value += Array.from(arguments).map(function (arg) {","                    return typeof arg === 'string'","                        ? arg","                        : JSON.stringify(arg, null, 4);","                }).join(' ') + '\\n';","                // scroll textarea to bottom","                element.scrollTop = element.scrollHeight;","            };","        });","        // init event-handling","        ['change', 'click', 'keyup'].forEach(function (event) {","            Array.from(document.querySelectorAll('.on' + event)).forEach(function (element) {","                element.addEventListener(event, local.testRunBrowser);","            });","        });","        // run tests","        local.testRunBrowser();","        break;","","","","    // run node js-env code - post-init","    /* istanbul ignore next */","    case 'node':","        // export local","        module.exports = local;","        // require modules","        local.fs = require('fs');","        local.http = require('http');","        local.url = require('url');","        // init assets","        local.assetsDict = local.assetsDict || {};","        /* jslint-ignore-begin */","        local.assetsDict['/assets.index.template.html'] = '\\","<!doctype html>\\n\\","<html lang=\"en\">\\n\\","<head>\\n\\","<meta charset=\"UTF-8\">\\n\\","<meta name=\"viewport\" content=\"width=device-width, initial-scale=1\">\\n\\","<title>{{env.npm_package_name}} (v{{env.npm_package_version}})</title>\\n\\","<style>\\n\\","/*csslint\\n\\","    box-sizing: false,\\n\\","    universal-selector: false\\n\\","*/\\n\\","* {\\n\\","    box-sizing: border-box;\\n\\","}\\n\\","body {\\n\\","    background: #dde;\\n\\","    font-family: Arial, Helvetica, sans-serif;\\n\\","    margin: 2rem;\\n\\","}\\n\\","body > * {\\n\\","    margin-bottom: 1rem;\\n\\","}\\n\\",".utility2FooterDiv {\\n\\","    margin-top: 20px;\\n\\","    text-align: center;\\n\\","}\\n\\","</style>\\n\\","<style>\\n\\","/*csslint\\n\\","*/\\n\\","textarea {\\n\\","    font-family: monospace;\\n\\","    height: 10rem;\\n\\","    width: 100%;\\n\\","}\\n\\","textarea[readonly] {\\n\\","    background: #ddd;\\n\\","}\\n\\","</style>\\n\\","</head>\\n\\","<body>\\n\\","<!-- utility2-comment\\n\\","<div id=\"ajaxProgressDiv1\" style=\"background: #d00; height: 2px; left: 0; margin: 0; padding: 0; position: fixed; top: 0; transition: background 0.5s, width 1.5s; width: 25%;\"></div>\\n\\","utility2-comment -->\\n\\","<h1>\\n\\","<!-- utility2-comment\\n\\","    <a\\n\\","        {{#if env.npm_package_homepage}}\\n\\","        href=\"{{env.npm_package_homepage}}\"\\n\\","        {{/if env.npm_package_homepage}}\\n\\","        target=\"_blank\"\\n\\","    >\\n\\","utility2-comment -->\\n\\","        {{env.npm_package_name}} (v{{env.npm_package_version}})\\n\\","<!-- utility2-comment\\n\\","    </a>\\n\\","utility2-comment -->\\n\\","</h1>\\n\\","<h3>{{env.npm_package_description}}</h3>\\n\\","<!-- utility2-comment\\n\\","<h4><a download href=\"assets.app.js\">download standalone app</a></h4>\\n\\","<button class=\"onclick onreset\" id=\"testRunButton1\">run internal test</button><br>\\n\\","<div id=\"testReportDiv1\" style=\"display: none;\"></div>\\n\\","utility2-comment -->\\n\\","\\n\\","\\n\\","\\n\\","<label>stderr and stdout</label>\\n\\","<textarea class=\"resettable\" id=\"outputTextareaStdout1\" readonly></textarea>\\n\\","<!-- utility2-comment\\n\\","{{#if isRollup}}\\n\\","<script src=\"assets.app.js\"></script>\\n\\","{{#unless isRollup}}\\n\\","utility2-comment -->\\n\\","<script src=\"assets.utility2.rollup.js\"></script>\\n\\","<script src=\"jsonp.utility2._stateInit?callback=window.utility2._stateInit\"></script>\\n\\","<script src=\"assets.npmtest_cssom.rollup.js\"></script>\\n\\","<script src=\"assets.example.js\"></script>\\n\\","<script src=\"assets.test.js\"></script>\\n\\","<!-- utility2-comment\\n\\","{{/if isRollup}}\\n\\","utility2-comment -->\\n\\","<div class=\"utility2FooterDiv\">\\n\\","    [ this app was created with\\n\\","    <a href=\"https://github.com/kaizhu256/node-utility2\" target=\"_blank\">utility2</a>\\n\\","    ]\\n\\","</div>\\n\\","</body>\\n\\","</html>\\n\\","';","        /* jslint-ignore-end */","        if (local.templateRender) {","            local.assetsDict['/'] = local.templateRender(","                local.assetsDict['/assets.index.template.html'],","                {","                    env: local.objectSetDefault(local.env, {","                        npm_package_description: 'the greatest app in the world!',","                        npm_package_name: 'my-app',","                        npm_package_nameAlias: 'my_app',","                        npm_package_version: '0.0.1'","                    })","                }","            );","        } else {","            local.assetsDict['/'] = local.assetsDict['/assets.index.template.html']","                .replace((/\\{\\{env\\.(\\w+?)\\}\\}/g), function (match0, match1) {","                    // jslint-hack","                    String(match0);","                    switch (match1) {","                    case 'npm_package_description':","                        return 'the greatest app in the world!';","                    case 'npm_package_name':","                        return 'my-app';","                    case 'npm_package_nameAlias':","                        return 'my_app';","                    case 'npm_package_version':","                        return '0.0.1';","                    }","                });","        }","        // run the cli","        if (local.global.utility2_rollup || module !== require.main) {","            break;","        }","        local.assetsDict['/assets.example.js'] =","            local.assetsDict['/assets.example.js'] ||","            local.fs.readFileSync(__filename, 'utf8');","        // bug-workaround - long $npm_package_buildCustomOrg","        /* jslint-ignore-begin */","        local.assetsDict['/assets.npmtest_cssom.rollup.js'] =","            local.assetsDict['/assets.npmtest_cssom.rollup.js'] ||","            local.fs.readFileSync(","                local.npmtest_cssom.__dirname + '/lib.npmtest_cssom.js',","                'utf8'","            ).replace((/^#!/), '//');","        /* jslint-ignore-end */","        local.assetsDict['/favicon.ico'] = local.assetsDict['/favicon.ico'] || '';","        // if $npm_config_timeout_exit exists,","        // then exit this process after $npm_config_timeout_exit ms","        if (Number(process.env.npm_config_timeout_exit)) {","            setTimeout(process.exit, Number(process.env.npm_config_timeout_exit));","        }","        // start server","        if (local.global.utility2_serverHttp1) {","            break;","        }","        process.env.PORT = process.env.PORT || '8081';","        console.error('server starting on port ' + process.env.PORT);","        local.http.createServer(function (request, response) {","            request.urlParsed = local.url.parse(request.url);","            if (local.assetsDict[request.urlParsed.pathname] !== undefined) {","                response.end(local.assetsDict[request.urlParsed.pathname]);","                return;","            }","            response.statusCode = 404;","            response.end();","        }).listen(process.env.PORT);","        break;","    }","}());",""],"l":{"26":2,"28":2,"33":2,"35":2,"37":2,"38":2,"39":2,"44":1,"51":2,"55":2,"59":2,"61":2,"69":1,"70":2,"76":2,"79":2,"82":2,"83":2,"85":1,"89":2,"92":1,"93":1,"94":1,"96":1,"97":1,"100":1,"101":1,"103":1,"106":1,"108":2,"114":1,"116":1,"118":1,"123":1,"124":2,"125":2,"126":3,"127":3,"128":3,"129":3,"130":1,"133":3,"134":3,"139":3,"143":1,"144":3,"145":1,"149":1,"150":1,"158":1,"160":1,"161":1,"162":1,"164":1,"166":1,"258":1,"259":1,"271":1,"274":6,"275":6,"277":1,"279":2,"281":1,"283":2,"288":1,"289":1,"291":1,"296":1,"303":1,"306":1,"307":1,"310":1,"311":1,"313":1,"314":1,"315":1,"316":1,"317":1,"318":1,"319":1,"321":1,"322":1,"324":1}},"/home/travis/build/npmtest/node-npmtest-cssom/node_modules/cssom/lib/index.js":{"path":"/home/travis/build/npmtest/node-npmtest-cssom/node_modules/cssom/lib/index.js","s":{"1":1,"2":1,"3":1,"4":1,"5":1,"6":1,"7":1,"8":1,"9":1,"10":1},"b":{},"f":{},"fnMap":{},"statementMap":{"1":{"start":{"line":1,"column":0},"end":{"line":1,"column":83}},"2":{"start":{"line":2,"column":0},"end":{"line":2,"column":47}},"3":{"start":{"line":3,"column":0},"end":{"line":3,"column":62}},"4":{"start":{"line":4,"column":0},"end":{"line":4,"column":65}},"5":{"start":{"line":5,"column":0},"end":{"line":5,"column":53}},"6":{"start":{"line":6,"column":0},"end":{"line":6,"column":62}},"7":{"start":{"line":7,"column":0},"end":{"line":7,"column":56}},"8":{"start":{"line":8,"column":0},"end":{"line":8,"column":65}},"9":{"start":{"line":9,"column":0},"end":{"line":9,"column":41}},"10":{"start":{"line":10,"column":0},"end":{"line":10,"column":41}}},"branchMap":{},"code":["exports.CSSStyleDeclaration = require(\"./CSSStyleDeclaration\").CSSStyleDeclaration;","exports.CSSRule = require(\"./CSSRule\").CSSRule;","exports.CSSStyleRule = require(\"./CSSStyleRule\").CSSStyleRule;","exports.CSSImportRule = require(\"./CSSImportRule\").CSSImportRule;","exports.MediaList = require(\"./MediaList\").MediaList;","exports.CSSMediaRule = require(\"./CSSMediaRule\").CSSMediaRule;","exports.StyleSheet = require(\"./StyleSheet\").StyleSheet;","exports.CSSStyleSheet = require(\"./CSSStyleSheet\").CSSStyleSheet;","exports.parse = require(\"./parse\").parse;","exports.clone = require(\"./clone\").clone;",""],"l":{"1":1,"2":1,"3":1,"4":1,"5":1,"6":1,"7":1,"8":1,"9":1,"10":1}},"/home/travis/build/npmtest/node-npmtest-cssom/node_modules/cssom/lib/CSSStyleDeclaration.js":{"path":"/home/travis/build/npmtest/node-npmtest-cssom/node_modules/cssom/lib/CSSStyleDeclaration.js","s":{"1":1,"2":1,"3":0,"4":0,"5":0,"6":1,"7":0,"8":0,"9":0,"10":0,"11":0,"12":0,"13":0,"14":0,"15":0,"16":0,"17":0,"18":0,"19":0,"20":0,"21":0,"22":0,"23":0,"24":0,"25":0,"26":0,"27":6,"28":6,"29":0,"30":0,"31":0,"32":0,"33":0,"34":0,"35":6,"36":0,"37":0,"38":0,"39":0,"40":0,"41":0,"42":0,"43":0,"44":0,"45":0,"46":0,"47":1,"48":1},"b":{"1":[0,0],"2":[0,0],"3":[0,0],"4":[0,0],"5":[0,0],"6":[0,0],"7":[0,0]},"f":{"1":0,"2":0,"3":0,"4":0,"5":0,"6":0,"7":0,"8":0,"9":6,"10":0},"fnMap":{"1":{"name":"CSSStyleDeclaration","line":10,"loc":{"start":{"line":10,"column":28},"end":{"line":10,"column":58}}},"2":{"name":"(anonymous_2)","line":30,"loc":{"start":{"line":30,"column":19},"end":{"line":30,"column":34}}},"3":{"name":"(anonymous_3)","line":41,"loc":{"start":{"line":41,"column":14},"end":{"line":41,"column":46}}},"4":{"name":"(anonymous_4)","line":65,"loc":{"start":{"line":65,"column":17},"end":{"line":65,"column":32}}},"5":{"name":"(anonymous_5)","line":85,"loc":{"start":{"line":85,"column":22},"end":{"line":85,"column":33}}},"6":{"name":"(anonymous_6)","line":93,"loc":{"start":{"line":93,"column":22},"end":{"line":93,"column":37}}},"7":{"name":"(anonymous_7)","line":103,"loc":{"start":{"line":103,"column":23},"end":{"line":103,"column":34}}},"8":{"name":"(anonymous_8)","line":107,"loc":{"start":{"line":107,"column":21},"end":{"line":107,"column":32}}},"9":{"name":"(anonymous_9)","line":112,"loc":{"start":{"line":112,"column":12},"end":{"line":112,"column":14}}},"10":{"name":"(anonymous_10)","line":126,"loc":{"start":{"line":126,"column":12},"end":{"line":126,"column":18}}}},"statementMap":{"1":{"start":{"line":2,"column":0},"end":{"line":2,"column":15}},"2":{"start":{"line":10,"column":0},"end":{"line":16,"column":2}},"3":{"start":{"line":11,"column":1},"end":{"line":11,"column":17}},"4":{"start":{"line":12,"column":1},"end":{"line":12,"column":24}},"5":{"start":{"line":15,"column":1},"end":{"line":15,"column":23}},"6":{"start":{"line":19,"column":0},"end":{"line":142,"column":2}},"7":{"start":{"line":31,"column":2},"end":{"line":31,"column":26}},"8":{"start":{"line":42,"column":2},"end":{"line":53,"column":3}},"9":{"start":{"line":44,"column":3},"end":{"line":44,"column":56}},"10":{"start":{"line":45,"column":3},"end":{"line":48,"column":4}},"11":{"start":{"line":46,"column":4},"end":{"line":46,"column":29}},"12":{"start":{"line":47,"column":4},"end":{"line":47,"column":18}},"13":{"start":{"line":51,"column":3},"end":{"line":51,"column":28}},"14":{"start":{"line":52,"column":3},"end":{"line":52,"column":17}},"15":{"start":{"line":54,"column":2},"end":{"line":54,"column":26}},"16":{"start":{"line":55,"column":2},"end":{"line":55,"column":36}},"17":{"start":{"line":66,"column":2},"end":{"line":68,"column":3}},"18":{"start":{"line":67,"column":3},"end":{"line":67,"column":13}},"19":{"start":{"line":69,"column":2},"end":{"line":69,"column":55}},"20":{"start":{"line":70,"column":2},"end":{"line":72,"column":3}},"21":{"start":{"line":71,"column":3},"end":{"line":71,"column":13}},"22":{"start":{"line":73,"column":2},"end":{"line":73,"column":29}},"23":{"start":{"line":74,"column":2},"end":{"line":74,"column":18}},"24":{"start":{"line":77,"column":2},"end":{"line":77,"column":46}},"25":{"start":{"line":82,"column":2},"end":{"line":82,"column":19}},"26":{"start":{"line":94,"column":2},"end":{"line":94,"column":38}},"27":{"start":{"line":113,"column":2},"end":{"line":113,"column":22}},"28":{"start":{"line":114,"column":2},"end":{"line":122,"column":3}},"29":{"start":{"line":115,"column":3},"end":{"line":115,"column":22}},"30":{"start":{"line":116,"column":3},"end":{"line":116,"column":43}},"31":{"start":{"line":117,"column":3},"end":{"line":117,"column":49}},"32":{"start":{"line":118,"column":3},"end":{"line":120,"column":4}},"33":{"start":{"line":119,"column":4},"end":{"line":119,"column":31}},"34":{"start":{"line":121,"column":3},"end":{"line":121,"column":56}},"35":{"start":{"line":123,"column":2},"end":{"line":123,"column":30}},"36":{"start":{"line":127,"column":2},"end":{"line":127,"column":14}},"37":{"start":{"line":128,"column":2},"end":{"line":131,"column":3}},"38":{"start":{"line":129,"column":3},"end":{"line":129,"column":18}},"39":{"start":{"line":130,"column":3},"end":{"line":130,"column":19}},"40":{"start":{"line":132,"column":2},"end":{"line":132,"column":52}},"41":{"start":{"line":133,"column":2},"end":{"line":133,"column":24}},"42":{"start":{"line":135,"column":2},"end":{"line":135,"column":72}},"43":{"start":{"line":136,"column":2},"end":{"line":136,"column":32}},"44":{"start":{"line":137,"column":2},"end":{"line":140,"column":3}},"45":{"start":{"line":138,"column":3},"end":{"line":138,"column":23}},"46":{"start":{"line":139,"column":3},"end":{"line":139,"column":105}},"47":{"start":{"line":146,"column":0},"end":{"line":146,"column":56}},"48":{"start":{"line":147,"column":0},"end":{"line":147,"column":39}}},"branchMap":{"1":{"line":31,"type":"binary-expr","locations":[{"start":{"line":31,"column":9},"end":{"line":31,"column":19}},{"start":{"line":31,"column":23},"end":{"line":31,"column":25}}]},"2":{"line":42,"type":"if","locations":[{"start":{"line":42,"column":2},"end":{"line":42,"column":2}},{"start":{"line":42,"column":2},"end":{"line":42,"column":2}}]},"3":{"line":45,"type":"if","locations":[{"start":{"line":45,"column":3},"end":{"line":45,"column":3}},{"start":{"line":45,"column":3},"end":{"line":45,"column":3}}]},"4":{"line":66,"type":"if","locations":[{"start":{"line":66,"column":2},"end":{"line":66,"column":2}},{"start":{"line":66,"column":2},"end":{"line":66,"column":2}}]},"5":{"line":70,"type":"if","locations":[{"start":{"line":70,"column":2},"end":{"line":70,"column":2}},{"start":{"line":70,"column":2},"end":{"line":70,"column":2}}]},"6":{"line":94,"type":"binary-expr","locations":[{"start":{"line":94,"column":9},"end":{"line":94,"column":31}},{"start":{"line":94,"column":35},"end":{"line":94,"column":37}}]},"7":{"line":118,"type":"if","locations":[{"start":{"line":118,"column":3},"end":{"line":118,"column":3}},{"start":{"line":118,"column":3},"end":{"line":118,"column":3}}]}},"code":["//.CommonJS","var CSSOM = {};","///CommonJS","","","/**"," * @constructor"," * @see http://www.w3.org/TR/DOM-Level-2-Style/css.html#CSS-CSSStyleDeclaration"," */","CSSOM.CSSStyleDeclaration = function CSSStyleDeclaration(){","\tthis.length = 0;","\tthis.parentRule = null;","","\t// NON-STANDARD","\tthis._importants = {};","};","","","CSSOM.CSSStyleDeclaration.prototype = {","","\tconstructor: CSSOM.CSSStyleDeclaration,","","\t/**","\t *","\t * @param {string} name","\t * @see http://www.w3.org/TR/DOM-Level-2-Style/css.html#CSS-CSSStyleDeclaration-getPropertyValue","\t * @return {string} the value of the property if it has been explicitly set for this declaration block.","\t * Returns the empty string if the property has not been set.","\t */","\tgetPropertyValue: function(name) {","\t\treturn this[name] || \"\";","\t},","","\t/**","\t *","\t * @param {string} name","\t * @param {string} value","\t * @param {string} [priority=null] \"important\" or null","\t * @see http://www.w3.org/TR/DOM-Level-2-Style/css.html#CSS-CSSStyleDeclaration-setProperty","\t */","\tsetProperty: function(name, value, priority) {","\t\tif (this[name]) {","\t\t\t// Property already exist. Overwrite it.","\t\t\tvar index = Array.prototype.indexOf.call(this, name);","\t\t\tif (index < 0) {","\t\t\t\tthis[this.length] = name;","\t\t\t\tthis.length++;","\t\t\t}","\t\t} else {","\t\t\t// New property.","\t\t\tthis[this.length] = name;","\t\t\tthis.length++;","\t\t}","\t\tthis[name] = value + \"\";","\t\tthis._importants[name] = priority;","\t},","","\t/**","\t *","\t * @param {string} name","\t * @see http://www.w3.org/TR/DOM-Level-2-Style/css.html#CSS-CSSStyleDeclaration-removeProperty","\t * @return {string} the value of the property if it has been explicitly set for this declaration block.","\t * Returns the empty string if the property has not been set or the property name does not correspond to a known CSS property.","\t */","\tremoveProperty: function(name) {","\t\tif (!(name in this)) {","\t\t\treturn \"\";","\t\t}","\t\tvar index = Array.prototype.indexOf.call(this, name);","\t\tif (index < 0) {","\t\t\treturn \"\";","\t\t}","\t\tvar prevValue = this[name];","\t\tthis[name] = \"\";","","\t\t// That's what WebKit and Opera do","\t\tArray.prototype.splice.call(this, index, 1);","","\t\t// That's what Firefox does","\t\t//this[index] = \"\"","","\t\treturn prevValue;","\t},","","\tgetPropertyCSSValue: function() {","\t\t//FIXME","\t},","","\t/**","\t *","\t * @param {String} name","\t */","\tgetPropertyPriority: function(name) {","\t\treturn this._importants[name] || \"\";","\t},","","","\t/**","\t *   element.style.overflow = \"auto\"","\t *   element.style.getPropertyShorthand(\"overflow-x\")","\t *   -> \"overflow\"","\t */","\tgetPropertyShorthand: function() {","\t\t//FIXME","\t},","","\tisPropertyImplicit: function() {","\t\t//FIXME","\t},","","\t// Doesn't work in IE < 9","\tget cssText(){","\t\tvar properties = [];","\t\tfor (var i=0, length=this.length; i < length; ++i) {","\t\t\tvar name = this[i];","\t\t\tvar value = this.getPropertyValue(name);","\t\t\tvar priority = this.getPropertyPriority(name);","\t\t\tif (priority) {","\t\t\t\tpriority = \" !\" + priority;","\t\t\t}","\t\t\tproperties[i] = name + \": \" + value + priority + \";\";","\t\t}","\t\treturn properties.join(\" \");","\t},","","\tset cssText(text){","\t\tvar i, name;","\t\tfor (i = this.length; i--;) {","\t\t\tname = this[i];","\t\t\tthis[name] = \"\";","\t\t}","\t\tArray.prototype.splice.call(this, 0, this.length);","\t\tthis._importants = {};","","\t\tvar dummyRule = CSSOM.parse('#bogus{' + text + '}').cssRules[0].style;","\t\tvar length = dummyRule.length;","\t\tfor (i = 0; i < length; ++i) {","\t\t\tname = dummyRule[i];","\t\t\tthis.setProperty(dummyRule[i], dummyRule.getPropertyValue(name), dummyRule.getPropertyPriority(name));","\t\t}","\t}","};","","","//.CommonJS","exports.CSSStyleDeclaration = CSSOM.CSSStyleDeclaration;","CSSOM.parse = require('./parse').parse; // Cannot be included sooner due to the mutual dependency between parse.js and CSSStyleDeclaration.js","///CommonJS",""],"l":{"2":1,"10":1,"11":0,"12":0,"15":0,"19":1,"31":0,"42":0,"44":0,"45":0,"46":0,"47":0,"51":0,"52":0,"54":0,"55":0,"66":0,"67":0,"69":0,"70":0,"71":0,"73":0,"74":0,"77":0,"82":0,"94":0,"113":6,"114":6,"115":0,"116":0,"117":0,"118":0,"119":0,"121":0,"123":6,"127":0,"128":0,"129":0,"130":0,"132":0,"133":0,"135":0,"136":0,"137":0,"138":0,"139":0,"146":1,"147":1}},"/home/travis/build/npmtest/node-npmtest-cssom/node_modules/cssom/lib/parse.js":{"path":"/home/travis/build/npmtest/node-npmtest-cssom/node_modules/cssom/lib/parse.js","s":{"1":1,"2":1,"3":0,"4":0,"5":0,"6":0,"7":0,"8":0,"9":0,"10":0,"11":0,"12":0,"13":0,"14":0,"15":0,"16":0,"17":0,"18":0,"19":0,"20":0,"21":0,"22":0,"23":0,"24":0,"25":0,"26":0,"27":0,"28":0,"29":0,"30":0,"31":0,"32":0,"33":0,"34":0,"35":0,"36":0,"37":0,"38":0,"39":0,"40":0,"41":0,"42":0,"43":0,"44":0,"45":0,"46":0,"47":0,"48":0,"49":0,"50":0,"51":0,"52":0,"53":0,"54":0,"55":0,"56":0,"57":0,"58":0,"59":0,"60":0,"61":0,"62":0,"63":0,"64":0,"65":0,"66":0,"67":0,"68":0,"69":0,"70":0,"71":0,"72":0,"73":0,"74":0,"75":0,"76":0,"77":0,"78":0,"79":0,"80":0,"81":0,"82":0,"83":0,"84":0,"85":0,"86":0,"87":0,"88":0,"89":0,"90":0,"91":0,"92":0,"93":0,"94":0,"95":0,"96":0,"97":0,"98":0,"99":0,"100":0,"101":0,"102":0,"103":0,"104":0,"105":0,"106":0,"107":0,"108":0,"109":0,"110":0,"111":0,"112":0,"113":0,"114":0,"115":0,"116":0,"117":0,"118":0,"119":0,"120":0,"121":0,"122":0,"123":0,"124":0,"125":0,"126":0,"127":0,"128":0,"129":0,"130":0,"131":0,"132":0,"133":0,"134":0,"135":0,"136":0,"137":0,"138":0,"139":0,"140":0,"141":0,"142":0,"143":0,"144":0,"145":0,"146":0,"147":0,"148":0,"149":0,"150":0,"151":0,"152":0,"153":0,"154":0,"155":0,"156":0,"157":0,"158":0,"159":0,"160":0,"161":0,"162":0,"163":0,"164":0,"165":0,"166":0,"167":0,"168":0,"169":0,"170":0,"171":0,"172":0,"173":0,"174":0,"175":0,"176":0,"177":0,"178":0,"179":0,"180":0,"181":0,"182":0,"183":0,"184":0,"185":0,"186":0,"187":0,"188":0,"189":0,"190":0,"191":0,"192":0,"193":0,"194":0,"195":0,"196":0,"197":0,"198":0,"199":0,"200":0,"201":0,"202":0,"203":0,"204":0,"205":0,"206":0,"207":0,"208":0,"209":0,"210":0,"211":0,"212":0,"213":0,"214":0,"215":0,"216":0,"217":0,"218":0,"219":0,"220":0,"221":0,"222":0,"223":0,"224":0,"225":0,"226":0,"227":0,"228":0,"229":0,"230":0,"231":0,"232":0,"233":0,"234":0,"235":0,"236":0,"237":0,"238":0,"239":0,"240":0,"241":0,"242":0,"243":0,"244":0,"245":0,"246":1,"247":1,"248":1,"249":1,"250":1,"251":1,"252":1,"253":1,"254":1,"255":1,"256":1,"257":1},"b":{"1":[0,0,0,0,0,0,0,0,0,0,0,0,0,0,0,0,0],"2":[0,0],"3":[0,0],"4":[0,0],"5":[0,0],"6":[0,0],"7":[0,0],"8":[0,0],"9":[0,0],"10":[0,0],"11":[0,0],"12":[0,0],"13":[0,0],"14":[0,0],"15":[0,0],"16":[0,0],"17":[0,0],"18":[0,0],"19":[0,0],"20":[0,0],"21":[0,0],"22":[0,0],"23":[0,0],"24":[0,0],"25":[0,0],"26":[0,0],"27":[0,0],"28":[0,0],"29":[0,0],"30":[0,0],"31":[0,0],"32":[0,0],"33":[0,0],"34":[0,0],"35":[0,0],"36":[0,0],"37":[0,0],"38":[0,0,0,0],"39":[0,0,0,0,0,0],"40":[0,0],"41":[0,0],"42":[0,0],"43":[0,0,0,0]},"f":{"1":0,"2":0},"fnMap":{"1":{"name":"parse","line":9,"loc":{"start":{"line":9,"column":14},"end":{"line":9,"column":36}}},"2":{"name":"(anonymous_2)","line":52,"loc":{"start":{"line":52,"column":18},"end":{"line":52,"column":36}}}},"statementMap":{"1":{"start":{"line":2,"column":0},"end":{"line":2,"column":15}},"2":{"start":{"line":9,"column":0},"end":{"line":386,"column":2}},"3":{"start":{"line":11,"column":1},"end":{"line":11,"column":11}},"4":{"start":{"line":23,"column":1},"end":{"line":23,"column":31}},"5":{"start":{"line":25,"column":1},"end":{"line":25,"column":11}},"6":{"start":{"line":26,"column":1},"end":{"line":26,"column":17}},"7":{"start":{"line":27,"column":1},"end":{"line":27,"column":31}},"8":{"start":{"line":29,"column":1},"end":{"line":38,"column":3}},"9":{"start":{"line":40,"column":1},"end":{"line":40,"column":44}},"10":{"start":{"line":43,"column":1},"end":{"line":43,"column":31}},"11":{"start":{"line":46,"column":1},"end":{"line":46,"column":16}},"12":{"start":{"line":48,"column":1},"end":{"line":48,"column":110}},"13":{"start":{"line":50,"column":1},"end":{"line":50,"column":52}},"14":{"start":{"line":52,"column":1},"end":{"line":62,"column":3}},"15":{"start":{"line":53,"column":2},"end":{"line":53,"column":48}},"16":{"start":{"line":54,"column":2},"end":{"line":54,"column":31}},"17":{"start":{"line":55,"column":2},"end":{"line":55,"column":41}},"18":{"start":{"line":56,"column":2},"end":{"line":56,"column":87}},"19":{"start":{"line":57,"column":2},"end":{"line":57,"column":25}},"20":{"start":{"line":59,"column":2},"end":{"line":59,"column":28}},"21":{"start":{"line":60,"column":2},"end":{"line":60,"column":32}},"22":{"start":{"line":61,"column":2},"end":{"line":61,"column":14}},"23":{"start":{"line":64,"column":1},"end":{"line":383,"column":2}},"24":{"start":{"line":66,"column":2},"end":{"line":382,"column":3}},"25":{"start":{"line":73,"column":3},"end":{"line":75,"column":4}},"26":{"start":{"line":74,"column":4},"end":{"line":74,"column":24}},"27":{"start":{"line":76,"column":3},"end":{"line":76,"column":9}},"28":{"start":{"line":80,"column":3},"end":{"line":80,"column":17}},"29":{"start":{"line":81,"column":3},"end":{"line":86,"column":39}},"30":{"start":{"line":82,"column":4},"end":{"line":82,"column":42}},"31":{"start":{"line":83,"column":4},"end":{"line":85,"column":5}},"32":{"start":{"line":84,"column":5},"end":{"line":84,"column":31}},"33":{"start":{"line":87,"column":3},"end":{"line":87,"column":35}},"34":{"start":{"line":88,"column":3},"end":{"line":88,"column":17}},"35":{"start":{"line":89,"column":3},"end":{"line":96,"column":4}},"36":{"start":{"line":91,"column":5},"end":{"line":91,"column":21}},"37":{"start":{"line":92,"column":5},"end":{"line":92,"column":11}},"38":{"start":{"line":94,"column":5},"end":{"line":94,"column":26}},"39":{"start":{"line":95,"column":5},"end":{"line":95,"column":11}},"40":{"start":{"line":97,"column":3},"end":{"line":97,"column":9}},"41":{"start":{"line":100,"column":3},"end":{"line":100,"column":17}},"42":{"start":{"line":101,"column":3},"end":{"line":106,"column":39}},"43":{"start":{"line":102,"column":4},"end":{"line":102,"column":42}},"44":{"start":{"line":103,"column":4},"end":{"line":105,"column":5}},"45":{"start":{"line":104,"column":5},"end":{"line":104,"column":31}},"46":{"start":{"line":107,"column":3},"end":{"line":107,"column":35}},"47":{"start":{"line":108,"column":3},"end":{"line":108,"column":17}},"48":{"start":{"line":109,"column":3},"end":{"line":116,"column":4}},"49":{"start":{"line":111,"column":5},"end":{"line":111,"column":21}},"50":{"start":{"line":112,"column":5},"end":{"line":112,"column":11}},"51":{"start":{"line":114,"column":5},"end":{"line":114,"column":26}},"52":{"start":{"line":115,"column":5},"end":{"line":115,"column":11}},"53":{"start":{"line":117,"column":3},"end":{"line":117,"column":9}},"54":{"start":{"line":121,"column":3},"end":{"line":131,"column":4}},"55":{"start":{"line":122,"column":4},"end":{"line":122,"column":11}},"56":{"start":{"line":123,"column":4},"end":{"line":123,"column":35}},"57":{"start":{"line":124,"column":4},"end":{"line":128,"column":5}},"58":{"start":{"line":125,"column":5},"end":{"line":125,"column":30}},"59":{"start":{"line":127,"column":5},"end":{"line":127,"column":19}},"60":{"start":{"line":130,"column":4},"end":{"line":130,"column":24}},"61":{"start":{"line":132,"column":3},"end":{"line":135,"column":4}},"62":{"start":{"line":133,"column":4},"end":{"line":133,"column":18}},"63":{"start":{"line":134,"column":4},"end":{"line":134,"column":25}},"64":{"start":{"line":136,"column":3},"end":{"line":136,"column":9}},"65":{"start":{"line":140,"column":3},"end":{"line":187,"column":4}},"66":{"start":{"line":141,"column":4},"end":{"line":141,"column":33}},"67":{"start":{"line":142,"column":4},"end":{"line":142,"column":47}},"68":{"start":{"line":143,"column":4},"end":{"line":143,"column":30}},"69":{"start":{"line":144,"column":4},"end":{"line":144,"column":32}},"70":{"start":{"line":145,"column":4},"end":{"line":145,"column":16}},"71":{"start":{"line":146,"column":4},"end":{"line":146,"column":10}},"72":{"start":{"line":147,"column":10},"end":{"line":187,"column":4}},"73":{"start":{"line":148,"column":4},"end":{"line":148,"column":22}},"74":{"start":{"line":149,"column":4},"end":{"line":149,"column":41}},"75":{"start":{"line":150,"column":4},"end":{"line":150,"column":27}},"76":{"start":{"line":151,"column":4},"end":{"line":151,"column":24}},"77":{"start":{"line":152,"column":4},"end":{"line":152,"column":16}},"78":{"start":{"line":153,"column":4},"end":{"line":153,"column":10}},"79":{"start":{"line":154,"column":10},"end":{"line":187,"column":4}},"80":{"start":{"line":155,"column":4},"end":{"line":155,"column":29}},"81":{"start":{"line":156,"column":4},"end":{"line":156,"column":23}},"82":{"start":{"line":157,"column":4},"end":{"line":157,"column":39}},"83":{"start":{"line":158,"column":4},"end":{"line":158,"column":26}},"84":{"start":{"line":159,"column":4},"end":{"line":159,"column":16}},"85":{"start":{"line":160,"column":4},"end":{"line":160,"column":10}},"86":{"start":{"line":161,"column":10},"end":{"line":187,"column":4}},"87":{"start":{"line":162,"column":4},"end":{"line":162,"column":31}},"88":{"start":{"line":163,"column":4},"end":{"line":163,"column":25}},"89":{"start":{"line":164,"column":4},"end":{"line":164,"column":24}},"90":{"start":{"line":165,"column":4},"end":{"line":165,"column":10}},"91":{"start":{"line":166,"column":10},"end":{"line":187,"column":4}},"92":{"start":{"line":167,"column":4},"end":{"line":167,"column":33}},"93":{"start":{"line":168,"column":4},"end":{"line":168,"column":28}},"94":{"start":{"line":169,"column":4},"end":{"line":169,"column":47}},"95":{"start":{"line":170,"column":4},"end":{"line":170,"column":30}},"96":{"start":{"line":171,"column":4},"end":{"line":171,"column":16}},"97":{"start":{"line":172,"column":4},"end":{"line":172,"column":10}},"98":{"start":{"line":174,"column":4},"end":{"line":174,"column":36}},"99":{"start":{"line":175,"column":4},"end":{"line":175,"column":55}},"100":{"start":{"line":176,"column":4},"end":{"line":186,"column":5}},"101":{"start":{"line":177,"column":5},"end":{"line":177,"column":35}},"102":{"start":{"line":178,"column":5},"end":{"line":178,"column":50}},"103":{"start":{"line":179,"column":5},"end":{"line":179,"column":32}},"104":{"start":{"line":180,"column":5},"end":{"line":180,"column":53}},"105":{"start":{"line":181,"column":5},"end":{"line":181,"column":39}},"106":{"start":{"line":182,"column":5},"end":{"line":182,"column":17}},"107":{"start":{"line":183,"column":5},"end":{"line":183,"column":11}},"108":{"start":{"line":184,"column":11},"end":{"line":186,"column":5}},"109":{"start":{"line":185,"column":5},"end":{"line":185,"column":22}},"110":{"start":{"line":188,"column":3},"end":{"line":188,"column":23}},"111":{"start":{"line":189,"column":3},"end":{"line":189,"column":9}},"112":{"start":{"line":192,"column":3},"end":{"line":241,"column":4}},"113":{"start":{"line":193,"column":4},"end":{"line":193,"column":43}},"114":{"start":{"line":194,"column":4},"end":{"line":194,"column":33}},"115":{"start":{"line":195,"column":4},"end":{"line":195,"column":16}},"116":{"start":{"line":196,"column":4},"end":{"line":196,"column":26}},"117":{"start":{"line":197,"column":10},"end":{"line":241,"column":4}},"118":{"start":{"line":198,"column":4},"end":{"line":198,"column":46}},"119":{"start":{"line":199,"column":4},"end":{"line":199,"column":42}},"120":{"start":{"line":200,"column":4},"end":{"line":200,"column":44}},"121":{"start":{"line":201,"column":4},"end":{"line":201,"column":16}},"122":{"start":{"line":202,"column":4},"end":{"line":202,"column":30}},"123":{"start":{"line":203,"column":10},"end":{"line":241,"column":4}},"124":{"start":{"line":204,"column":4},"end":{"line":204,"column":41}},"125":{"start":{"line":205,"column":4},"end":{"line":205,"column":43}},"126":{"start":{"line":206,"column":4},"end":{"line":206,"column":16}},"127":{"start":{"line":207,"column":4},"end":{"line":207,"column":30}},"128":{"start":{"line":208,"column":10},"end":{"line":241,"column":4}},"129":{"start":{"line":209,"column":4},"end":{"line":211,"column":5}},"130":{"start":{"line":210,"column":5},"end":{"line":210,"column":42}},"131":{"start":{"line":212,"column":4},"end":{"line":212,"column":47}},"132":{"start":{"line":213,"column":4},"end":{"line":213,"column":29}},"133":{"start":{"line":214,"column":4},"end":{"line":214,"column":16}},"134":{"start":{"line":215,"column":4},"end":{"line":215,"column":26}},"135":{"start":{"line":216,"column":10},"end":{"line":241,"column":4}},"136":{"start":{"line":217,"column":4},"end":{"line":217,"column":39}},"137":{"start":{"line":218,"column":4},"end":{"line":220,"column":5}},"138":{"start":{"line":219,"column":5},"end":{"line":219,"column":43}},"139":{"start":{"line":221,"column":4},"end":{"line":221,"column":48}},"140":{"start":{"line":222,"column":4},"end":{"line":222,"column":46}},"141":{"start":{"line":223,"column":4},"end":{"line":223,"column":16}},"142":{"start":{"line":224,"column":4},"end":{"line":224,"column":33}},"143":{"start":{"line":225,"column":10},"end":{"line":241,"column":4}},"144":{"start":{"line":226,"column":4},"end":{"line":226,"column":44}},"145":{"start":{"line":227,"column":4},"end":{"line":227,"column":38}},"146":{"start":{"line":228,"column":4},"end":{"line":228,"column":27}},"147":{"start":{"line":229,"column":4},"end":{"line":229,"column":16}},"148":{"start":{"line":230,"column":4},"end":{"line":230,"column":26}},"149":{"start":{"line":231,"column":10},"end":{"line":241,"column":4}},"150":{"start":{"line":233,"column":4},"end":{"line":233,"column":53}},"151":{"start":{"line":234,"column":4},"end":{"line":236,"column":5}},"152":{"start":{"line":235,"column":5},"end":{"line":235,"column":42}},"153":{"start":{"line":237,"column":4},"end":{"line":237,"column":45}},"154":{"start":{"line":238,"column":4},"end":{"line":238,"column":47}},"155":{"start":{"line":239,"column":4},"end":{"line":239,"column":16}},"156":{"start":{"line":240,"column":4},"end":{"line":240,"column":30}},"157":{"start":{"line":242,"column":3},"end":{"line":242,"column":9}},"158":{"start":{"line":245,"column":3},"end":{"line":251,"column":4}},"159":{"start":{"line":246,"column":4},"end":{"line":246,"column":25}},"160":{"start":{"line":247,"column":4},"end":{"line":247,"column":16}},"161":{"start":{"line":248,"column":4},"end":{"line":248,"column":27}},"162":{"start":{"line":250,"column":4},"end":{"line":250,"column":24}},"163":{"start":{"line":252,"column":3},"end":{"line":252,"column":9}},"164":{"start":{"line":255,"column":3},"end":{"line":278,"column":4}},"165":{"start":{"line":257,"column":4},"end":{"line":272,"column":5}},"166":{"start":{"line":258,"column":5},"end":{"line":258,"column":65}},"167":{"start":{"line":260,"column":5},"end":{"line":265,"column":6}},"168":{"start":{"line":261,"column":6},"end":{"line":261,"column":29}},"169":{"start":{"line":263,"column":6},"end":{"line":263,"column":32}},"170":{"start":{"line":264,"column":6},"end":{"line":264,"column":19}},"171":{"start":{"line":267,"column":5},"end":{"line":267,"column":33}},"172":{"start":{"line":270,"column":5},"end":{"line":270,"column":31}},"173":{"start":{"line":271,"column":5},"end":{"line":271,"column":25}},"174":{"start":{"line":273,"column":10},"end":{"line":278,"column":4}},"175":{"start":{"line":274,"column":4},"end":{"line":274,"column":28}},"176":{"start":{"line":275,"column":4},"end":{"line":275,"column":24}},"177":{"start":{"line":277,"column":4},"end":{"line":277,"column":24}},"178":{"start":{"line":279,"column":3},"end":{"line":279,"column":9}},"179":{"start":{"line":282,"column":3},"end":{"line":285,"column":4}},"180":{"start":{"line":283,"column":4},"end":{"line":283,"column":28}},"181":{"start":{"line":284,"column":4},"end":{"line":284,"column":53}},"182":{"start":{"line":284,"column":37},"end":{"line":284,"column":53}},"183":{"start":{"line":286,"column":3},"end":{"line":286,"column":23}},"184":{"start":{"line":287,"column":3},"end":{"line":287,"column":9}},"185":{"start":{"line":290,"column":3},"end":{"line":295,"column":4}},"186":{"start":{"line":291,"column":4},"end":{"line":291,"column":27}},"187":{"start":{"line":292,"column":4},"end":{"line":292,"column":28}},"188":{"start":{"line":294,"column":4},"end":{"line":294,"column":24}},"189":{"start":{"line":296,"column":3},"end":{"line":296,"column":9}},"190":{"start":{"line":299,"column":3},"end":{"line":321,"column":4}},"191":{"start":{"line":301,"column":5},"end":{"line":301,"column":64}},"192":{"start":{"line":302,"column":5},"end":{"line":302,"column":19}},"193":{"start":{"line":303,"column":5},"end":{"line":303,"column":17}},"194":{"start":{"line":304,"column":5},"end":{"line":304,"column":27}},"195":{"start":{"line":305,"column":5},"end":{"line":305,"column":11}},"196":{"start":{"line":307,"column":5},"end":{"line":307,"column":17}},"197":{"start":{"line":308,"column":5},"end":{"line":308,"column":31}},"198":{"start":{"line":309,"column":5},"end":{"line":309,"column":11}},"199":{"start":{"line":311,"column":5},"end":{"line":311,"column":44}},"200":{"start":{"line":312,"column":5},"end":{"line":312,"column":87}},"201":{"start":{"line":313,"column":5},"end":{"line":313,"column":45}},"202":{"start":{"line":314,"column":5},"end":{"line":314,"column":42}},"203":{"start":{"line":315,"column":5},"end":{"line":315,"column":17}},"204":{"start":{"line":316,"column":5},"end":{"line":316,"column":31}},"205":{"start":{"line":317,"column":5},"end":{"line":317,"column":11}},"206":{"start":{"line":319,"column":5},"end":{"line":319,"column":25}},"207":{"start":{"line":320,"column":5},"end":{"line":320,"column":11}},"208":{"start":{"line":322,"column":3},"end":{"line":322,"column":9}},"209":{"start":{"line":325,"column":3},"end":{"line":360,"column":4}},"210":{"start":{"line":327,"column":5},"end":{"line":327,"column":64}},"211":{"start":{"l
[...]
":34}}},"branchMap":{},"code":["//.CommonJS","var CSSOM = {};","///CommonJS","","","/**"," * @constructor"," * @see http://www.w3.org/TR/DOM-Level-2-Style/css.html#CSS-CSSValue"," *"," * TODO: add if needed"," */","CSSOM.CSSValue = function CSSValue() {","};","","CSSOM.CSSValue.prototype = {","\tconstructor: CSSOM.CSSValue,","","\t// @see: http://www.w3.org/TR/DOM-Level-2-Style/css.html#CSS-CSSValue","\tset cssText(text) {","\t\tvar name = this._getConstructorName();","","\t\tthrow new Error('DOMException: property \"cssText\" of \"' + name + '\" is readonly and can not be replaced with \"' + text + '\"!');","\t},","","\tget cssText() {","\t\tvar name = this._getConstructorName();","","\t\tthrow new Error('getter \"cssText\" of \"' + name + '\" is not implemented!');","\t},","","\t_getConstructorName: function() {","\t\tvar s = this.constructor.toString(),","\t\t\t\tc = s.match(/function\\s([^\\(]+)/),","\t\t\t\tname = c[1];","","\t\treturn name;","\t}","};","","","//.CommonJS","exports.CSSValue = CSSOM.CSSValue;","///CommonJS",""],"l":{"2":1,"12":1,"15":1,"20":0,"22":0,"26":0,"28":0,"32":0,"36":0,"42":1}},"/home/travis/build/npmtest/node-npmtest-cssom/node_modules/cssom/lib/CSSDocumentRule.js":{"path":"/home/travis/build/npmtest/node-npmtest-cssom/node_modules/cssom/lib/CSSDocumentRule.js","s":{"1":1,"2":1,"3":0,"4":0,"5":0,"6":1,"7":1,"8":1,"9":1,"10":0,"11":0,"12":0,"13":0,"14":1},"b":{},"f":{"1":0,"2":0},"fnMap":{"1":{"name":"CSSDocumentRule","line":13,"loc":{"start":{"line":13,"column":24},"end":{"line":13,"column":51}}},"2":{"name":"(anonymous_2)","line":27,"loc":{"start":{"line":27,"column":7},"end":{"line":27,"column":18}}}},"statementMap":{"1":{"start":{"line":2,"column":0},"end":{"line":5,"column":2}},"2":{"start":{"line":13,"column":0},"end":{"line":17,"column":2}},"3":{"start":{"line":14,"column":4},"end":{"line":14,"column":29}},"4":{"start":{"line":15,"column":4},"end":{"line":15,"column":43}},"5":{"start":{"line":16,"column":4},"end":{"line":16,"column":23}},"6":{"start":{"line":19,"column":0},"end":{"line":19,"column":54}},"7":{"start":{"line":20,"column":0},"end":{"line":20,"column":68}},"8":{"start":{"line":21,"column":0},"end":{"line":21,"column":42}},"9":{"start":{"line":26,"column":0},"end":{"line":34,"column":3}},"10":{"start":{"line":28,"column":4},"end":{"line":28,"column":22}},"11":{"start":{"line":29,"column":4},"end":{"line":31,"column":5}},"12":{"start":{"line":30,"column":8},"end":{"line":30,"column":48}},"13":{"start":{"line":32,"column":4},"end":{"line":32,"column":89}},"14":{"start":{"line":38,"column":0},"end":{"line":38,"column":48}}},"branchMap":{},"code":["//.CommonJS","var CSSOM = {","    CSSRule: require(\"./CSSRule\").CSSRule,","    MatcherList: require(\"./MatcherList\").MatcherList","};","///CommonJS","","","/**"," * @constructor"," * @see https://developer.mozilla.org/en/CSS/@-moz-document"," */","CSSOM.CSSDocumentRule = function CSSDocumentRule() {","    CSSOM.CSSRule.call(this);","    this.matcher = new CSSOM.MatcherList();","    this.cssRules = [];","};","","CSSOM.CSSDocumentRule.prototype = new CSSOM.CSSRule();","CSSOM.CSSDocumentRule.prototype.constructor = CSSOM.CSSDocumentRule;","CSSOM.CSSDocumentRule.prototype.type = 10;","//FIXME","//CSSOM.CSSDocumentRule.prototype.insertRule = CSSStyleSheet.prototype.insertRule;","//CSSOM.CSSDocumentRule.prototype.deleteRule = CSSStyleSheet.prototype.deleteRule;","","Object.defineProperty(CSSOM.CSSDocumentRule.prototype, \"cssText\", {","  get: function() {","    var cssTexts = [];","    for (var i=0, length=this.cssRules.length; i < length; i++) {","        cssTexts.push(this.cssRules[i].cssText);","    }","    return \"@-moz-document \" + this.matcher.matcherText + \" {\" + cssTexts.join(\"\") + \"}\";","  }","});","","","//.CommonJS","exports.CSSDocumentRule = CSSOM.CSSDocumentRule;","///CommonJS",""],"l":{"2":1,"13":1,"14":0,"15":0,"16":0,"19":1,"20":1,"21":1,"26":1,"28":0,"29":0,"30":0,"32":0,"38":1}},"/home/travis/build/npmtest/node-npmtest-cssom/node_modules/cssom/lib/MatcherList.js":{"path":"/home/travis/build/npmtest/node-npmtest-cssom/node_modules/cssom/lib/MatcherList.js","s":{"1":1,"2":1,"3":0,"4":1,"5":0,"6":0,"7":0,"8":0,"9":0,"10":0,"11":0,"12":0,"13":0,"14":0,"15":0,"16":1},"b":{"1":[0,0],"2":[0,0]},"f":{"1":0,"2":0,"3":0,"4":0,"5":0},"fnMap":{"1":{"name":"MatcherList","line":10,"loc":{"start":{"line":10,"column":20},"end":{"line":10,"column":42}}},"2":{"name":"(anonymous_2)","line":21,"loc":{"start":{"line":21,"column":19},"end":{"line":21,"column":22}}},"3":{"name":"(anonymous_3)","line":28,"loc":{"start":{"line":28,"column":19},"end":{"line":28,"column":27}}},"4":{"name":"(anonymous_4)","line":40,"loc":{"start":{"line":40,"column":19},"end":{"line":40,"column":37}}},"5":{"name":"(anonymous_5)","line":50,"loc":{"start":{"line":50,"column":19},"end":{"line":50,"column":37}}}},"statementMap":{"1":{"start":{"line":2,"column":0},"end":{"line":2,"column":15}},"2":{"start":{"line":10,"column":0},"end":{"line":12,"column":2}},"3":{"start":{"line":11,"column":4},"end":{"line":11,"column":20}},"4":{"start":{"line":14,"column":0},"end":{"line":57,"column":2}},"5":{"start":{"line":22,"column":8},"end":{"line":22,"column":53}},"6":{"start":{"line":30,"column":8},"end":{"line":30,"column":38}},"7":{"start":{"line":31,"column":8},"end":{"line":31,"column":49}},"8":{"start":{"line":32,"column":8},"end":{"line":34,"column":9}},"9":{"start":{"line":33,"column":12},"end":{"line":33,"column":39}},"10":{"start":{"line":41,"column":8},"end":{"line":44,"column":9}},"11":{"start":{"line":42,"column":12},"end":{"line":42,"column":40}},"12":{"start":{"line":43,"column":12},"end":{"line":43,"column":26}},"13":{"start":{"line":51,"column":8},"end":{"line":51,"column":64}},"14":{"start":{"line":52,"column":8},"end":{"line":54,"column":9}},"15":{"start":{"line":53,"column":12},"end":{"line":53,"column":56}},"16":{"start":{"line":61,"column":0},"end":{"line":61,"column":40}}},"branchMap":{"1":{"line":41,"type":"if","locations":[{"start":{"line":41,"column":8},"end":{"line":41,"column":8}},{"start":{"line":41,"column":8},"end":{"line":41,"column":8}}]},"2":{"line":52,"type":"if","locations":[{"start":{"line":52,"column":8},"end":{"line":52,"column":8}},{"start":{"line":52,"column":8},"end":{"line":52,"column":8}}]}},"code":["//.CommonJS","var CSSOM = {};","///CommonJS","","","/**"," * @constructor"," * @see https://developer.mozilla.org/en/CSS/@-moz-document"," */","CSSOM.MatcherList = function MatcherList(){","    this.length = 0;","};","","CSSOM.MatcherList.prototype = {","","    constructor: CSSOM.MatcherList,","","    /**","     * @return {string}","     */","    get matcherText() {","        return Array.prototype.join.call(this, \", \");","    },","","    /**","     * @param {string} value","     */","    set matcherText(value) {","        // just a temporary solution, actually it may be wrong by just split the value with ',', because a url can include ','.","        var values = value.split(\",\");","        var length = this.length = values.length;","        for (var i=0; i<length; i++) {","            this[i] = values[i].trim();","        }","    },","","    /**","     * @param {string} matcher","     */","    appendMatcher: function(matcher) {","        if (Array.prototype.indexOf.call(this, matcher) === -1) {","            this[this.length] = matcher;","            this.length++;","        }","    },","","    /**","     * @param {string} matcher","     */","    deleteMatcher: function(matcher) {","        var index = Array.prototype.indexOf.call(this, matcher);","        if (index !== -1) {","            Array.prototype.splice.call(this, index, 1);","        }","    }","","};","","","//.CommonJS","exports.MatcherList = CSSOM.MatcherList;","///CommonJS",""],"l":{"2":1,"10":1,"11":0,"14":1,"22":0,"30":0,"31":0,"32":0,"33":0,"41":0,"42":0,"43":0,"51":0,"52":0,"53":0,"61":1}},"/home/travis/build/npmtest/node-npmtest-cssom/node_modules/cssom/lib/clone.js":{"path":"/home/travis/build/npmtest/node-npmtest-cssom/node_modules/cssom/lib/clone.js","s":{"1":1,"2":1,"3":0,"4":0,"5":0,"6":0,"7":0,"8":0,"9":0,"10":0,"11":0,"12":0,"13":0,"14":0,"15":0,"16":0,"17":0,"18":0,"19":0,"20":0,"21":0,"22":0,"23":0,"24":0,"25":0,"26":0,"27":0,"28":1},"b":{"1":[0,0],"2":[0,0],"3":[0,0],"4":[0,0],"5":[0,0],"6":[0,0]},"f":{"1":0},"fnMap":{"1":{"name":"clone","line":19,"loc":{"start":{"line":19,"column":14},"end":{"line":19,"column":41}}}},"statementMap":{"1":{"start":{"line":2,"column":0},"end":{"line":9,"column":2}},"2":{"start":{"line":19,"column":0},"end":{"line":72,"column":2}},"3":{"start":{"line":21,"column":1},"end":{"line":21,"column":40}},"4":{"start":{"line":23,"column":1},"end":{"line":23,"column":33}},"5":{"start":{"line":24,"column":1},"end":{"line":26,"column":2}},"6":{"start":{"line":25,"column":2},"end":{"line":25,"column":16}},"7":{"start":{"line":28,"column":1},"end":{"line":36,"column":3}},"8":{"start":{"line":38,"column":1},"end":{"line":68,"column":2}},"9":{"start":{"line":39,"column":2},"end":{"line":39,"column":22}},"10":{"start":{"line":40,"column":2},"end":{"line":40,"column":67}},"11":{"start":{"line":42,"column":2},"end":{"line":42,"column":25}},"12":{"start":{"line":43,"column":2},"end":{"line":51,"column":3}},"13":{"start":{"line":44,"column":3},"end":{"line":44,"column":70}},"14":{"start":{"line":45,"column":3},"end":{"line":49,"column":4}},"15":{"start":{"line":46,"column":4},"end":{"line":46,"column":40}},"16":{"start":{"line":47,"column":4},"end":{"line":47,"column":35}},"17":{"start":{"line":48,"column":4},"end":{"line":48,"column":67}},"18":{"start":{"line":50,"column":3},"end":{"line":50,"column":36}},"19":{"start":{"line":53,"column":2},"end":{"line":55,"column":3}},"20":{"start":{"line":54,"column":3},"end":{"line":54,"column":36}},"21":{"start":{"line":57,"column":2},"end":{"line":59,"column":3}},"22":{"start":{"line":58,"column":3},"end":{"line":58,"column":46}},"23":{"start":{"line":61,"column":2},"end":{"line":63,"column":3}},"24":{"start":{"line":62,"column":3},"end":{"line":62,"column":40}},"25":{"start":{"line":65,"column":2},"end":{"line":67,"column":3}},"26":{"start":{"line":66,"column":3},"end":{"line":66,"column":45}},"27":{"start":{"line":70,"column":1},"end":{"line":70,"column":15}},"28":{"start":{"line":75,"column":0},"end":{"line":75,"column":28}}},"branchMap":{"1":{"line":24,"type":"if","locations":[{"start":{"line":24,"column":1},"end":{"line":24,"column":1}},{"start":{"line":24,"column":1},"end":{"line":24,"column":1}}]},"2":{"line":43,"type":"if","locations":[{"start":{"line":43,"column":2},"end":{"line":43,"column":2}},{"start":{"line":43,"column":2},"end":{"line":43,"column":2}}]},"3":{"line":53,"type":"if","locations":[{"start":{"line":53,"column":2},"end":{"line":53,"column":2}},{"start":{"line":53,"column":2},"end":{"line":53,"column":2}}]},"4":{"line":57,"type":"if","locations":[{"start":{"line":57,"column":2},"end":{"line":57,"column":2}},{"start":{"line":57,"column":2},"end":{"line":57,"column":2}}]},"5":{"line":61,"type":"if","locations":[{"start":{"line":61,"column":2},"end":{"line":61,"column":2}},{"start":{"line":61,"column":2},"end":{"line":61,"column":2}}]},"6":{"line":65,"type":"if","locations":[{"start":{"line":65,"column":2},"end":{"line":65,"column":2}},{"start":{"line":65,"column":2},"end":{"line":65,"column":2}}]}},"code":["//.CommonJS","var CSSOM = {","\tCSSStyleSheet: require(\"./CSSStyleSheet\").CSSStyleSheet,","\tCSSStyleRule: require(\"./CSSStyleRule\").CSSStyleRule,","\tCSSMediaRule: require(\"./CSSMediaRule\").CSSMediaRule,","\tCSSStyleDeclaration: require(\"./CSSStyleDeclaration\").CSSStyleDeclaration,","\tCSSKeyframeRule: require('./CSSKeyframeRule').CSSKeyframeRule,","\tCSSKeyframesRule: require('./CSSKeyframesRule').CSSKeyframesRule","};","///CommonJS","","","/**"," * Produces a deep copy of stylesheet — the instance variables of stylesheet are copied recursively."," * @param {CSSStyleSheet|CSSOM.CSSStyleSheet} stylesheet"," * @nosideeffects"," * @return {CSSOM.CSSStyleSheet}"," */","CSSOM.clone = function clone(stylesheet) {","","\tvar cloned = new CSSOM.CSSStyleSheet();","","\tvar rules = stylesheet.cssRules;","\tif (!rules) {","\t\treturn cloned;","\t}","","\tvar RULE_TYPES = {","\t\t1: CSSOM.CSSStyleRule,","\t\t4: CSSOM.CSSMediaRule,","\t\t//3: CSSOM.CSSImportRule,","\t\t//5: CSSOM.CSSFontFaceRule,","\t\t//6: CSSOM.CSSPageRule,","\t\t8: CSSOM.CSSKeyframesRule,","\t\t9: CSSOM.CSSKeyframeRule","\t};","","\tfor (var i=0, rulesLength=rules.length; i < rulesLength; i++) {","\t\tvar rule = rules[i];","\t\tvar ruleClone = cloned.cssRules[i] = new RULE_TYPES[rule.type]();","","\t\tvar style = rule.style;","\t\tif (style) {","\t\t\tvar styleClone = ruleClone.style = new CSSOM.CSSStyleDeclaration();","\t\t\tfor (var j=0, styleLength=style.length; j < styleLength; j++) {","\t\t\t\tvar name = styleClone[j] = style[j];","\t\t\t\tstyleClone[name] = style[name];","\t\t\t\tstyleClone._importants[name] = style.getPropertyPriority(name);","\t\t\t}","\t\t\tstyleClone.length = style.length;","\t\t}","","\t\tif (rule.hasOwnProperty('keyText')) {","\t\t\truleClone.keyText = rule.keyText;","\t\t}","","\t\tif (rule.hasOwnProperty('selectorText')) {","\t\t\truleClone.selectorText = rule.selectorText;","\t\t}","","\t\tif (rule.hasOwnProperty('mediaText')) {","\t\t\truleClone.mediaText = rule.mediaText;","\t\t}","","\t\tif (rule.hasOwnProperty('cssRules')) {","\t\t\truleClone.cssRules = clone(rule).cssRules;","\t\t}","\t}","","\treturn cloned;","","};","","//.CommonJS","exports.clone = CSSOM.clone;","///CommonJS",""],"l":{"2":1,"19":1,"21":0,"23":0,"24":0,"25":0,"28":0,"38":0,"39":0,"40":0,"42":0,"43":0,"44":0,"45":0,"46":0,"47":0,"48":0,"50":0,"53":0,"54":0,"57":0,"58":0,"61":0,"62":0,"65":0,"66":0,"70":0,"75":1}},"/home/travis/build/npmtest/node-npmtest-cssom/node_modules/cssom/lib/CSSOM.js":{"path":"/home/travis/build/npmtest/node-npmtest-cssom/node_modules/cssom/lib/CSSOM.js","s":{"1":1},"b":{},"f":{},"fnMap":{},"statementMap":{"1":{"start":{"line":1,"column":0},"end":{"line":1,"column":15}}},"branchMap":{},"code":["var CSSOM = {};","","",""],"l":{"1":1}},"/home/travis/build/npmtest/node-npmtest-cssom/node_modules/cssom/lib/snapshot.js":{"path":"/home/travis/build/npmtest/node-npmtest-cssom/node_modules/cssom/lib/snapshot.js","s":{"1":1,"2":1,"3":0,"4":0,"5":0,"6":0,"7":0,"8":0,"9":0,"10":0,"11":0,"12":0,"13":0,"14":0,"15":0,"16":0,"17":0,"18":0,"19":0,"20":0,"21":0,"22":0,"23":0,"24":0,"25":0,"26":0,"27":0,"28":1},"b":{"1":[0,0],"2":[0,0],"3":[0,0],"4":[0,0],"5":[0,0],"6":[0,0]},"f":{"1":0},"fnMap":{"1":{"name":"clone","line":19,"loc":{"start":{"line":19,"column":17},"end":{"line":19,"column":44}}}},"statementMap":{"1":{"start":{"line":2,"column":0},"end":{"line":9,"column":2}},"2":{"start":{"line":19,"column":0},"end":{"line":72,"column":2}},"3":{"start":{"line":21,"column":1},"end":{"line":21,"column":38}},"4":{"start":{"line":23,"column":1},"end":{"line":23,"column":33}},"5":{"start":{"line":24,"column":1},"end":{"line":26,"column":2}},"6":{"start":{"line":25,"column":2},"end":{"line":25,"column":16}},"7":{"start":{"line":28,"column":1},"end":{"line":36,"column":3}},"8":{"start":{"line":38,"column":1},"end":{"line":68,"column":2}},"9":{"start":{"line":39,"column":2},"end":{"line":39,"column":22}},"10":{"start":{"line":40,"column":2},"end":{"line":40,"column":65}},"11":{"start":{"line":42,"column":2},"end":{"line":42,"column":25}},"12":{"start":{"line":43,"column":2},"end":{"line":51,"column":3}},"13":{"start":{"line":44,"column":3},"end":{"line":44,"column":68}},"14":{"start":{"line":45,"column":3},"end":{"line":49,"column":4}},"15":{"start":{"line":46,"column":4},"end":{"line":46,"column":40}},"16":{"start":{"line":47,"column":4},"end":{"line":47,"column":35}},"17":{"start":{"line":48,"column":4},"end":{"line":48,"column":67}},"18":{"start":{"line":50,"column":3},"end":{"line":50,"column":36}},"19":{"start":{"line":53,"column":2},"end":{"line":55,"column":3}},"20":{"start":{"line":54,"column":3},"end":{"line":54,"column":36}},"21":{"start":{"line":57,"column":2},"end":{"line":59,"column":3}},"22":{"start":{"line":58,"column":3},"end":{"line":58,"column":46}},"23":{"start":{"line":61,"column":2},"end":{"line":63,"column":3}},"24":{"start":{"line":62,"column":3},"end":{"line":62,"column":40}},"25":{"start":{"line":65,"column":2},"end":{"line":67,"column":3}},"26":{"start":{"line":66,"column":3},"end":{"line":66,"column":40}},"27":{"start":{"line":70,"column":1},"end":{"line":70,"column":15}},"28":{"start":{"line":75,"column":0},"end":{"line":75,"column":28}}},"branchMap":{"1":{"line":24,"type":"if","locations":[{"start":{"line":24,"column":1},"end":{"line":24,"column":1}},{"start":{"line":24,"column":1},"end":{"line":24,"column":1}}]},"2":{"line":43,"type":"if","locations":[{"start":{"line":43,"column":2},"end":{"line":43,"column":2}},{"start":{"line":43,"column":2},"end":{"line":43,"column":2}}]},"3":{"line":53,"type":"if","locations":[{"start":{"line":53,"column":2},"end":{"line":53,"column":2}},{"start":{"line":53,"column":2},"end":{"line":53,"column":2}}]},"4":{"line":57,"type":"if","locations":[{"start":{"line":57,"column":2},"end":{"line":57,"column":2}},{"start":{"line":57,"column":2},"end":{"line":57,"column":2}}]},"5":{"line":61,"type":"if","locations":[{"start":{"line":61,"column":2},"end":{"line":61,"column":2}},{"start":{"line":61,"column":2},"end":{"line":61,"column":2}}]},"6":{"line":65,"type":"if","locations":[{"start":{"line":65,"column":2},"end":{"line":65,"column":2}},{"start":{"line":65,"column":2},"end":{"line":65,"column":2}}]}},"code":["//.CommonJS","var CSSOM = {","\tCSSStyleSheet: require(\"./CSSStyleSheet\").CSSStyleSheet,","\tCSSStyleRule: require(\"./CSSStyleRule\").CSSStyleRule,","\tCSSMediaRule: require(\"./CSSMediaRule\").CSSMediaRule,","\tCSSStyleDeclaration: require(\"./CSSStyleDeclaration\").CSSStyleDeclaration,","\tCSSKeyframeRule: require('./CSSKeyframeRule').CSSKeyframeRule,","\tCSSKeyframesRule: require('./CSSKeyframesRule').CSSKeyframesRule","};","///CommonJS","","","/**"," * Produces a deep copy of stylesheet — the instance variables of stylesheet are copied recursively."," * @param {CSSStyleSheet|CSSOM.CSSStyleSheet} stylesheet"," * @nosideeffects"," * @return {CSSOM.CSSStyleSheet}"," */","CSSOM.snapshot = function clone(stylesheet) {","","\tvar cloned = new CSSOM.CSSStyleSheet;","","\tvar rules = stylesheet.cssRules;","\tif (!rules) {","\t\treturn cloned;","\t}","","\tvar RULE_TYPES = {","\t\t1: CSSOM.CSSStyleRule,","\t\t4: CSSOM.CSSMediaRule,","\t\t//3: CSSOM.CSSImportRule,","\t\t//5: CSSOM.CSSFontFaceRule,","\t\t//6: CSSOM.CSSPageRule,","\t\t8: CSSOM.CSSKeyframesRule,","\t\t9: CSSOM.CSSKeyframeRule","\t};","","\tfor (var i=0, rulesLength=rules.length; i < rulesLength; i++) {","\t\tvar rule = rules[i];","\t\tvar ruleClone = cloned.cssRules[i] = new RULE_TYPES[rule.type];","","\t\tvar style = rule.style;","\t\tif (style) {","\t\t\tvar styleClone = ruleClone.style = new CSSOM.CSSStyleDeclaration;","\t\t\tfor (var j=0, styleLength=style.length; j < styleLength; j++) {","\t\t\t\tvar name = styleClone[j] = style[j];","\t\t\t\tstyleClone[name] = style[name];","\t\t\t\tstyleClone._importants[name] = style.getPropertyPriority(name);","\t\t\t}","\t\t\tstyleClone.length = style.length;","\t\t}","","\t\tif (\"keyText\" in rule) {","\t\t\truleClone.keyText = rule.keyText;","\t\t}","","\t\tif (\"selectorText\" in rule) {","\t\t\truleClone.selectorText = rule.selectorText;","\t\t}","","\t\tif (\"mediaText\" in rule) {","\t\t\truleClone.mediaText = rule.mediaText;","\t\t}","","\t\tif (\"cssRules\" in rule) {","\t\t\trule.cssRules = clone(rule).cssRules;","\t\t}","\t}","","\treturn cloned;","","};","","//.CommonJS","exports.clone = CSSOM.clone;","///CommonJS",""],"l":{"2":1,"19":1,"21":0,"23":0,"24":0,"25":0,"28":0,"38":0,"39":0,"40":0,"42":0,"43":0,"44":0,"45":0,"46":0,"47":0,"48":0,"50":0,"53":0,"54":0,"57":0,"58":0,"61":0,"62":0,"65":0,"66":0,"70":0,"75":1}}}